{"name": "Проверка появления нового заказа в разделе \"В работе\"", "status": "broken", "statusDetails": {"message": "selenium.common.exceptions.TimeoutException: Message: \nStacktrace:\n0   chromedriver                        0x0000000103199208 cxxbridge1$str$ptr + 1927396\n1   chromedriver                        0x000000010319166c cxxbridge1$str$ptr + 1895752\n2   chromedriver                        0x0000000102d8c808 cxxbridge1$string$len + 89564\n3   chromedriver                        0x0000000102dd0bcc cxxbridge1$string$len + 369056\n4   chromedriver                        0x0000000102e0a228 cxxbridge1$string$len + 604156\n5   chromedriver                        0x0000000102dc5698 cxxbridge1$string$len + 322668\n6   chromedriver                        0x0000000102dc6310 cxxbridge1$string$len + 325860\n7   chromedriver                        0x000000010315fe78 cxxbridge1$str$ptr + 1693012\n8   chromedriver                        0x000000010316477c cxxbridge1$str$ptr + 1711704\n9   chromedriver                        0x00000001031453ec cxxbridge1$str$ptr + 1583816\n10  chromedriver                        0x000000010316504c cxxbridge1$str$ptr + 1713960\n11  chromedriver                        0x0000000103135fc8 cxxbridge1$str$ptr + 1521316\n12  chromedriver                        0x0000000103182b68 cxxbridge1$str$ptr + 1835588\n13  chromedriver                        0x0000000103182ce4 cxxbridge1$str$ptr + 1835968\n14  chromedriver                        0x0000000103191308 cxxbridge1$str$ptr + 1894884\n15  libsystem_pthread.dylib             0x00000001861b6f94 _pthread_start + 136\n16  libsystem_pthread.dylib             0x00000001861b1d34 thread_start + 8", "trace": "self = <test_feed_page.TestFeedPage object at 0x107277a40>, driver = <selenium.webdriver.chrome.webdriver.WebDriver (session=\"291cfb1cbc1291553db23c41d60a6ff2\")>\nset_user_tokens = None\n\n    @allure.title('Проверка появления нового заказа в разделе \"В работе\"')\n    def test_displaying_new_order_in_progress_feed_success(self, driver, set_user_tokens):\n        main_page = MainPage(driver)\n        feed_page = FeedPage(driver)\n        main_page.click_on_button_login_in_main()\n        main_page.drag_and_drop_ingredient_to_order()\n        main_page.click_on_button_make_order()\n>       new_order_id = main_page.get_number_of_order_in_modal_confirmation()\n\ntests/test_feed_page.py:69: \n_ _ _ _ _ _ _ _ _ _ _ _ _ _ _ _ _ _ _ _ _ _ _ _ _ _ _ _ _ _ _ _ _ _ _ _ _ _ _ _ _ _ _ _ _ _ _ _ _ _ _ _ _ _ _ _ _ _ _ _ _ _ _ _ _ _ _ _ _ _ _ _ _ _ _ _ _ _ _ _ _ _ _ _\npage_objects/main_page.py:77: in get_number_of_order_in_modal_confirmation\n    return self.get_text_on_element(MainPageLocators.number_of_order_in_modal_confirmation)\npage_objects/base_page.py:36: in get_text_on_element\n    self.wait_visibility_of_element(locator)\npage_objects/base_page.py:13: in wait_visibility_of_element\n    WebDriverWait(self.driver, 10).until(expected_conditions.visibility_of_element_located(locator))\n_ _ _ _ _ _ _ _ _ _ _ _ _ _ _ _ _ _ _ _ _ _ _ _ _ _ _ _ _ _ _ _ _ _ _ _ _ _ _ _ _ _ _ _ _ _ _ _ _ _ _ _ _ _ _ _ _ _ _ _ _ _ _ _ _ _ _ _ _ _ _ _ _ _ _ _ _ _ _ _ _ _ _ _\n\nself = <selenium.webdriver.support.wait.WebDriverWait (session=\"291cfb1cbc1291553db23c41d60a6ff2\")>\nmethod = <function visibility_of_element_located.<locals>._predicate at 0x10771f060>, message = ''\n\n    def until(self, method: Callable[[D], Union[Literal[False], T]], message: str = \"\") -> T:\n        \"\"\"Calls the method provided with the driver as an argument until the \\\n        return value does not evaluate to ``False``.\n    \n        :param method: callable(WebDriver)\n        :param message: optional message for :exc:`TimeoutException`\n        :returns: the result of the last call to `method`\n        :raises: :exc:`selenium.common.exceptions.TimeoutException` if timeout occurs\n        \"\"\"\n        screen = None\n        stacktrace = None\n    \n        end_time = time.monotonic() + self._timeout\n        while True:\n            try:\n                value = method(self._driver)\n                if value:\n                    return value\n            except self._ignored_exceptions as exc:\n                screen = getattr(exc, \"screen\", None)\n                stacktrace = getattr(exc, \"stacktrace\", None)\n            time.sleep(self._poll)\n            if time.monotonic() > end_time:\n                break\n>       raise TimeoutException(message, screen, stacktrace)\nE       selenium.common.exceptions.TimeoutException: Message: \nE       Stacktrace:\nE       0   chromedriver                        0x0000000103199208 cxxbridge1$str$ptr + 1927396\nE       1   chromedriver                        0x000000010319166c cxxbridge1$str$ptr + 1895752\nE       2   chromedriver                        0x0000000102d8c808 cxxbridge1$string$len + 89564\nE       3   chromedriver                        0x0000000102dd0bcc cxxbridge1$string$len + 369056\nE       4   chromedriver                        0x0000000102e0a228 cxxbridge1$string$len + 604156\nE       5   chromedriver                        0x0000000102dc5698 cxxbridge1$string$len + 322668\nE       6   chromedriver                        0x0000000102dc6310 cxxbridge1$string$len + 325860\nE       7   chromedriver                        0x000000010315fe78 cxxbridge1$str$ptr + 1693012\nE       8   chromedriver                        0x000000010316477c cxxbridge1$str$ptr + 1711704\nE       9   chromedriver                        0x00000001031453ec cxxbridge1$str$ptr + 1583816\nE       10  chromedriver                        0x000000010316504c cxxbridge1$str$ptr + 1713960\nE       11  chromedriver                        0x0000000103135fc8 cxxbridge1$str$ptr + 1521316\nE       12  chromedriver                        0x0000000103182b68 cxxbridge1$str$ptr + 1835588\nE       13  chromedriver                        0x0000000103182ce4 cxxbridge1$str$ptr + 1835968\nE       14  chromedriver                        0x0000000103191308 cxxbridge1$str$ptr + 1894884\nE       15  libsystem_pthread.dylib             0x00000001861b6f94 _pthread_start + 136\nE       16  libsystem_pthread.dylib             0x00000001861b1d34 thread_start + 8\n\n/Library/Frameworks/Python.framework/Versions/3.12/lib/python3.12/site-packages/selenium/webdriver/support/wait.py:105: TimeoutException"}, "steps": [{"name": "Кликнуть по кнопке \"Войти в аккаунт\" на главной", "status": "passed", "steps": [{"name": "Кликнуть на элемент", "status": "passed", "steps": [{"name": "Проверить кликабельность элемента", "status": "passed", "parameters": [{"name": "locator", "value": "('xpath', './/button[text() = \"Войти в аккаунт\"]')"}], "start": 1726427418544, "stop": 1726427418569}], "parameters": [{"name": "locator", "value": "('xpath', './/button[text() = \"Войти в аккаунт\"]')"}], "start": 1726427418544, "stop": 1726427418840}], "start": 1726427418544, "stop": 1726427418840}, {"name": "Добавить интгридиенты", "status": "passed", "steps": [{"name": "Найти элемент на странице", "status": "passed", "steps": [{"name": "Подождать прогрузки элемента", "status": "passed", "parameters": [{"name": "locator", "value": "('xpath', './/*[@alt=\"Флюоресцентная булка R2-D3\"]')"}], "start": 1726427418841, "stop": 1726427419366}], "parameters": [{"name": "locator", "value": "('xpath', './/*[@alt=\"Флюоресцентная булка R2-D3\"]')"}], "start": 1726427418841, "stop": 1726427419369}, {"name": "Найти элемент на странице", "status": "passed", "steps": [{"name": "Подождать прогрузки элемента", "status": "passed", "parameters": [{"name": "locator", "value": "('xpath', '//section[contains(@class, \"BurgerConstructor_basket\")]')"}], "start": 1726427419369, "stop": 1726427419381}], "parameters": [{"name": "locator", "value": "('xpath', '//section[contains(@class, \"BurgerConstructor_basket\")]')"}], "start": 1726427419369, "stop": 1726427419384}, {"name": "Перетащить элемент", "status": "passed", "parameters": [{"name": "source_element", "value": "<selenium.webdriver.remote.webelement.WebElement (session=\"291cfb1cbc1291553db23c41d60a6ff2\", element=\"f.BC2898A1D7797E00432952A01EC0C65A.d.3AFA3F9112313521839EEC01133C3834.e.45\")>"}, {"name": "target_element", "value": "<selenium.webdriver.remote.webelement.WebElement (session=\"291cfb1cbc1291553db23c41d60a6ff2\", element=\"f.BC2898A1D7797E00432952A01EC0C65A.d.3AFA3F9112313521839EEC01133C3834.e.73\")>"}], "start": 1726427419384, "stop": 1726427424935}], "start": 1726427418841, "stop": 1726427424935}, {"name": "Кликнуть на кнопку создания заказа", "status": "passed", "steps": [{"name": "Кликнуть на элемент", "status": "passed", "steps": [{"name": "Проверить кликабельность элемента", "status": "passed", "parameters": [{"name": "locator", "value": "('class name', 'button_button__33qZ0')"}], "start": 1726427424935, "stop": 1726427424949}], "parameters": [{"name": "locator", "value": "('class name', 'button_button__33qZ0')"}], "start": 1726427424935, "stop": 1726427425221}], "start": 1726427424935, "stop": 1726427425221}, {"name": "Получить номер в окне о создании заказа", "status": "broken", "statusDetails": {"message": "selenium.common.exceptions.TimeoutException: Message: \nStacktrace:\n0   chromedriver                        0x0000000103199208 cxxbridge1$str$ptr + 1927396\n1   chromedriver                        0x000000010319166c cxxbridge1$str$ptr + 1895752\n2   chromedriver                        0x0000000102d8c808 cxxbridge1$string$len + 89564\n3   chromedriver                        0x0000000102dd0bcc cxxbridge1$string$len + 369056\n4   chromedriver                        0x0000000102e0a228 cxxbridge1$string$len + 604156\n5   chromedriver                        0x0000000102dc5698 cxxbridge1$string$len + 322668\n6   chromedriver                        0x0000000102dc6310 cxxbridge1$string$len + 325860\n7   chromedriver                        0x000000010315fe78 cxxbridge1$str$ptr + 1693012\n8   chromedriver                        0x000000010316477c cxxbridge1$str$ptr + 1711704\n9   chromedriver                        0x00000001031453ec cxxbridge1$str$ptr + 1583816\n10  chromedriver                        0x000000010316504c cxxbridge1$str$ptr + 1713960\n11  chromedriver                        0x0000000103135fc8 cxxbridge1$str$ptr + 1521316\n12  chromedriver                        0x0000000103182b68 cxxbridge1$str$ptr + 1835588\n13  chromedriver                        0x0000000103182ce4 cxxbridge1$str$ptr + 1835968\n14  chromedriver                        0x0000000103191308 cxxbridge1$str$ptr + 1894884\n15  libsystem_pthread.dylib             0x00000001861b6f94 _pthread_start + 136\n16  libsystem_pthread.dylib             0x00000001861b1d34 thread_start + 8\n\n", "trace": "  File \"/Library/Frameworks/Python.framework/Versions/3.12/lib/python3.12/site-packages/allure_commons/_allure.py\", line 192, in impl\n    return func(*a, **kw)\n           ^^^^^^^^^^^^^^\n  File \"/Users/kosova.ea/Diplom/Diplom_3/page_objects/main_page.py\", line 77, in get_number_of_order_in_modal_confirmation\n    return self.get_text_on_element(MainPageLocators.number_of_order_in_modal_confirmation)\n           ^^^^^^^^^^^^^^^^^^^^^^^^^^^^^^^^^^^^^^^^^^^^^^^^^^^^^^^^^^^^^^^^^^^^^^^^^^^^^^^^\n  File \"/Library/Frameworks/Python.framework/Versions/3.12/lib/python3.12/site-packages/allure_commons/_allure.py\", line 192, in impl\n    return func(*a, **kw)\n           ^^^^^^^^^^^^^^\n  File \"/Users/kosova.ea/Diplom/Diplom_3/page_objects/base_page.py\", line 36, in get_text_on_element\n    self.wait_visibility_of_element(locator)\n  File \"/Library/Frameworks/Python.framework/Versions/3.12/lib/python3.12/site-packages/allure_commons/_allure.py\", line 192, in impl\n    return func(*a, **kw)\n           ^^^^^^^^^^^^^^\n  File \"/Users/kosova.ea/Diplom/Diplom_3/page_objects/base_page.py\", line 13, in wait_visibility_of_element\n    WebDriverWait(self.driver, 10).until(expected_conditions.visibility_of_element_located(locator))\n  File \"/Library/Frameworks/Python.framework/Versions/3.12/lib/python3.12/site-packages/selenium/webdriver/support/wait.py\", line 105, in until\n    raise TimeoutException(message, screen, stacktrace)\n"}, "steps": [{"name": "Подождать смену текста на элементе", "status": "passed", "parameters": [{"name": "locator", "value": "('xpath', '//section[contains(@class, \"Modal_modal_opened\")]//h2')"}, {"name": "value", "value": "'9999'"}], "start": 1726427425221, "stop": 1726427425226}, {"name": "Получить текст на элементе", "status": "broken", "statusDetails": {"message": "selenium.common.exceptions.TimeoutException: Message: \nStacktrace:\n0   chromedriver                        0x0000000103199208 cxxbridge1$str$ptr + 1927396\n1   chromedriver                        0x000000010319166c cxxbridge1$str$ptr + 1895752\n2   chromedriver                        0x0000000102d8c808 cxxbridge1$string$len + 89564\n3   chromedriver                        0x0000000102dd0bcc cxxbridge1$string$len + 369056\n4   chromedriver                        0x0000000102e0a228 cxxbridge1$string$len + 604156\n5   chromedriver                        0x0000000102dc5698 cxxbridge1$string$len + 322668\n6   chromedriver                        0x0000000102dc6310 cxxbridge1$string$len + 325860\n7   chromedriver                        0x000000010315fe78 cxxbridge1$str$ptr + 1693012\n8   chromedriver                        0x000000010316477c cxxbridge1$str$ptr + 1711704\n9   chromedriver                        0x00000001031453ec cxxbridge1$str$ptr + 1583816\n10  chromedriver                        0x000000010316504c cxxbridge1$str$ptr + 1713960\n11  chromedriver                        0x0000000103135fc8 cxxbridge1$str$ptr + 1521316\n12  chromedriver                        0x0000000103182b68 cxxbridge1$str$ptr + 1835588\n13  chromedriver                        0x0000000103182ce4 cxxbridge1$str$ptr + 1835968\n14  chromedriver                        0x0000000103191308 cxxbridge1$str$ptr + 1894884\n15  libsystem_pthread.dylib             0x00000001861b6f94 _pthread_start + 136\n16  libsystem_pthread.dylib             0x00000001861b1d34 thread_start + 8\n\n", "trace": "  File \"/Library/Frameworks/Python.framework/Versions/3.12/lib/python3.12/site-packages/allure_commons/_allure.py\", line 192, in impl\n    return func(*a, **kw)\n           ^^^^^^^^^^^^^^\n  File \"/Users/kosova.ea/Diplom/Diplom_3/page_objects/base_page.py\", line 36, in get_text_on_element\n    self.wait_visibility_of_element(locator)\n  File \"/Library/Frameworks/Python.framework/Versions/3.12/lib/python3.12/site-packages/allure_commons/_allure.py\", line 192, in impl\n    return func(*a, **kw)\n           ^^^^^^^^^^^^^^\n  File \"/Users/kosova.ea/Diplom/Diplom_3/page_objects/base_page.py\", line 13, in wait_visibility_of_element\n    WebDriverWait(self.driver, 10).until(expected_conditions.visibility_of_element_located(locator))\n  File \"/Library/Frameworks/Python.framework/Versions/3.12/lib/python3.12/site-packages/selenium/webdriver/support/wait.py\", line 105, in until\n    raise TimeoutException(message, screen, stacktrace)\n"}, "steps": [{"name": "Подождать прогрузки элемента", "status": "broken", "statusDetails": {"message": "selenium.common.exceptions.TimeoutException: Message: \nStacktrace:\n0   chromedriver                        0x0000000103199208 cxxbridge1$str$ptr + 1927396\n1   chromedriver                        0x000000010319166c cxxbridge1$str$ptr + 1895752\n2   chromedriver                        0x0000000102d8c808 cxxbridge1$string$len + 89564\n3   chromedriver                        0x0000000102dd0bcc cxxbridge1$string$len + 369056\n4   chromedriver                        0x0000000102e0a228 cxxbridge1$string$len + 604156\n5   chromedriver                        0x0000000102dc5698 cxxbridge1$string$len + 322668\n6   chromedriver                        0x0000000102dc6310 cxxbridge1$string$len + 325860\n7   chromedriver                        0x000000010315fe78 cxxbridge1$str$ptr + 1693012\n8   chromedriver                        0x000000010316477c cxxbridge1$str$ptr + 1711704\n9   chromedriver                        0x00000001031453ec cxxbridge1$str$ptr + 1583816\n10  chromedriver                        0x000000010316504c cxxbridge1$str$ptr + 1713960\n11  chromedriver                        0x0000000103135fc8 cxxbridge1$str$ptr + 1521316\n12  chromedriver                        0x0000000103182b68 cxxbridge1$str$ptr + 1835588\n13  chromedriver                        0x0000000103182ce4 cxxbridge1$str$ptr + 1835968\n14  chromedriver                        0x0000000103191308 cxxbridge1$str$ptr + 1894884\n15  libsystem_pthread.dylib             0x00000001861b6f94 _pthread_start + 136\n16  libsystem_pthread.dylib             0x00000001861b1d34 thread_start + 8\n\n", "trace": "  File \"/Library/Frameworks/Python.framework/Versions/3.12/lib/python3.12/site-packages/allure_commons/_allure.py\", line 192, in impl\n    return func(*a, **kw)\n           ^^^^^^^^^^^^^^\n  File \"/Users/kosova.ea/Diplom/Diplom_3/page_objects/base_page.py\", line 13, in wait_visibility_of_element\n    WebDriverWait(self.driver, 10).until(expected_conditions.visibility_of_element_located(locator))\n  File \"/Library/Frameworks/Python.framework/Versions/3.12/lib/python3.12/site-packages/selenium/webdriver/support/wait.py\", line 105, in until\n    raise TimeoutException(message, screen, stacktrace)\n"}, "parameters": [{"name": "locator", "value": "('xpath', '//section[contains(@class, \"Modal_modal_opened\")]//h2')"}], "start": 1726427425227, "stop": 1726427435366}], "parameters": [{"name": "locator", "value": "('xpath', '//section[contains(@class, \"Modal_modal_opened\")]//h2')"}], "start": 1726427425227, "stop": 1726427435366}], "start": 1726427425221, "stop": 1726427435366}], "parameters": [{"name": "driver", "value": "<class 'selenium.webdriver.chrome.webdriver.WebDriver'>"}], "start": 1726427418544, "stop": 1726427435367, "uuid": "9ae7266c-0b7b-4bf6-b54d-e1f9ac72e985", "historyId": "6f2bb6f4dd97f9bb14339bf988828fae", "testCaseId": "3b13507c76d4d01638ec82c9a50e891f", "fullName": "tests.test_feed_page.TestFeedPage#test_displaying_new_order_in_progress_feed_success", "labels": [{"name": "parentSuite", "value": "tests"}, {"name": "suite", "value": "test_feed_page"}, {"name": "subSuite", "value": "TestFeedPage"}, {"name": "host", "value": "NB-ISC-69172.local"}, {"name": "thread", "value": "15735-MainThread"}, {"name": "framework", "value": "pytest"}, {"name": "language", "value": "cpython3"}, {"name": "package", "value": "tests.test_feed_page"}]}