{"name": "Проверка увеличения числа на счетчике ежедневного количества выполненных заказов", "status": "broken", "statusDetails": {"message": "selenium.common.exceptions.TimeoutException: Message: \nStacktrace:\n0   chromedriver                        0x00000001007b9208 cxxbridge1$str$ptr + 1927396\n1   chromedriver                        0x00000001007b166c cxxbridge1$str$ptr + 1895752\n2   chromedriver                        0x00000001003ac808 cxxbridge1$string$len + 89564\n3   chromedriver                        0x00000001003f0bcc cxxbridge1$string$len + 369056\n4   chromedriver                        0x000000010042a228 cxxbridge1$string$len + 604156\n5   chromedriver                        0x00000001003e5698 cxxbridge1$string$len + 322668\n6   chromedriver                        0x00000001003e6310 cxxbridge1$string$len + 325860\n7   chromedriver                        0x000000010077fe78 cxxbridge1$str$ptr + 1693012\n8   chromedriver                        0x000000010078477c cxxbridge1$str$ptr + 1711704\n9   chromedriver                        0x00000001007653ec cxxbridge1$str$ptr + 1583816\n10  chromedriver                        0x000000010078504c cxxbridge1$str$ptr + 1713960\n11  chromedriver                        0x0000000100755fc8 cxxbridge1$str$ptr + 1521316\n12  chromedriver                        0x00000001007a2b68 cxxbridge1$str$ptr + 1835588\n13  chromedriver                        0x00000001007a2ce4 cxxbridge1$str$ptr + 1835968\n14  chromedriver                        0x00000001007b1308 cxxbridge1$str$ptr + 1894884\n15  libsystem_pthread.dylib             0x00000001861b6f94 _pthread_start + 136\n16  libsystem_pthread.dylib             0x00000001861b1d34 thread_start + 8", "trace": "self = <test_feed_page.TestFeedPage object at 0x1094b35c0>, driver = <selenium.webdriver.chrome.webdriver.WebDriver (session=\"3b546012c2196ecca50d1b02267430e6\")>\nset_user_tokens = None\n\n    @allure.title('Проверка увеличения числа на счетчике ежедневного количества выполненных заказов')\n    def test_changes_counter_for_daily_quantity_of_orders_success(self, driver, set_user_tokens):\n        main_page = MainPage(driver)\n        feed_page = FeedPage(driver)\n        main_page.click_header_feed_button()\n        orders_count_1 = feed_page.get_daily_quantity_of_orders()\n        main_page.click_on_button_constructor()\n        main_page.click_on_button_login_in_main()\n        main_page.drag_and_drop_ingredient_to_order()\n        main_page.click_on_button_make_order()\n        main_page.click_on_button_close_confirmation_modal()\n        main_page.click_header_feed_button()\n>       orders_count_2 = feed_page.get_daily_quantity_of_orders()\n\ntests/test_feed_page.py:59: \n_ _ _ _ _ _ _ _ _ _ _ _ _ _ _ _ _ _ _ _ _ _ _ _ _ _ _ _ _ _ _ _ _ _ _ _ _ _ _ _ _ _ _ _ _ _ _ _ _ _ _ _ _ _ _ _ _ _ _ _ _ _ _ _ _ _ _ _ _ _ _ _ _ _ _ _ _ _ _ _ _ _ _ _\npage_objects/feed_page.py:27: in get_daily_quantity_of_orders\n    self.find_element_with_wait(FeedPageLocators.daily_quantity_of_orders)\npage_objects/base_page.py:17: in find_element_with_wait\n    self.wait_visibility_of_element(locator)\npage_objects/base_page.py:13: in wait_visibility_of_element\n    WebDriverWait(self.driver, 10).until(expected_conditions.visibility_of_element_located(locator))\n_ _ _ _ _ _ _ _ _ _ _ _ _ _ _ _ _ _ _ _ _ _ _ _ _ _ _ _ _ _ _ _ _ _ _ _ _ _ _ _ _ _ _ _ _ _ _ _ _ _ _ _ _ _ _ _ _ _ _ _ _ _ _ _ _ _ _ _ _ _ _ _ _ _ _ _ _ _ _ _ _ _ _ _\n\nself = <selenium.webdriver.support.wait.WebDriverWait (session=\"3b546012c2196ecca50d1b02267430e6\")>\nmethod = <function visibility_of_element_located.<locals>._predicate at 0x1095a42c0>, message = ''\n\n    def until(self, method: Callable[[D], Union[Literal[False], T]], message: str = \"\") -> T:\n        \"\"\"Calls the method provided with the driver as an argument until the \\\n        return value does not evaluate to ``False``.\n    \n        :param method: callable(WebDriver)\n        :param message: optional message for :exc:`TimeoutException`\n        :returns: the result of the last call to `method`\n        :raises: :exc:`selenium.common.exceptions.TimeoutException` if timeout occurs\n        \"\"\"\n        screen = None\n        stacktrace = None\n    \n        end_time = time.monotonic() + self._timeout\n        while True:\n            try:\n                value = method(self._driver)\n                if value:\n                    return value\n            except self._ignored_exceptions as exc:\n                screen = getattr(exc, \"screen\", None)\n                stacktrace = getattr(exc, \"stacktrace\", None)\n            time.sleep(self._poll)\n            if time.monotonic() > end_time:\n                break\n>       raise TimeoutException(message, screen, stacktrace)\nE       selenium.common.exceptions.TimeoutException: Message: \nE       Stacktrace:\nE       0   chromedriver                        0x00000001007b9208 cxxbridge1$str$ptr + 1927396\nE       1   chromedriver                        0x00000001007b166c cxxbridge1$str$ptr + 1895752\nE       2   chromedriver                        0x00000001003ac808 cxxbridge1$string$len + 89564\nE       3   chromedriver                        0x00000001003f0bcc cxxbridge1$string$len + 369056\nE       4   chromedriver                        0x000000010042a228 cxxbridge1$string$len + 604156\nE       5   chromedriver                        0x00000001003e5698 cxxbridge1$string$len + 322668\nE       6   chromedriver                        0x00000001003e6310 cxxbridge1$string$len + 325860\nE       7   chromedriver                        0x000000010077fe78 cxxbridge1$str$ptr + 1693012\nE       8   chromedriver                        0x000000010078477c cxxbridge1$str$ptr + 1711704\nE       9   chromedriver                        0x00000001007653ec cxxbridge1$str$ptr + 1583816\nE       10  chromedriver                        0x000000010078504c cxxbridge1$str$ptr + 1713960\nE       11  chromedriver                        0x0000000100755fc8 cxxbridge1$str$ptr + 1521316\nE       12  chromedriver                        0x00000001007a2b68 cxxbridge1$str$ptr + 1835588\nE       13  chromedriver                        0x00000001007a2ce4 cxxbridge1$str$ptr + 1835968\nE       14  chromedriver                        0x00000001007b1308 cxxbridge1$str$ptr + 1894884\nE       15  libsystem_pthread.dylib             0x00000001861b6f94 _pthread_start + 136\nE       16  libsystem_pthread.dylib             0x00000001861b1d34 thread_start + 8\n\n/Library/Frameworks/Python.framework/Versions/3.12/lib/python3.12/site-packages/selenium/webdriver/support/wait.py:105: TimeoutException"}, "steps": [{"name": "Кликнуть по кнопке \"Лента заказов\" в хэдере", "status": "passed", "steps": [{"name": "Подождать прогрузки элемента", "status": "passed", "parameters": [{"name": "locator", "value": "('xpath', '//p[text()=\"Лента Заказов\"]/parent::a/parent::li')"}], "start": 1726477574459, "stop": 1726477574480}, {"name": "Кликнуть на элемент", "status": "passed", "steps": [{"name": "Проверить кликабельность элемента", "status": "passed", "parameters": [{"name": "locator", "value": "('xpath', '//p[text()=\"Лента Заказов\"]/parent::a/parent::li')"}], "start": 1726477574480, "stop": 1726477574504}], "parameters": [{"name": "locator", "value": "('xpath', '//p[text()=\"Лента Заказов\"]/parent::a/parent::li')"}], "start": 1726477574480, "stop": 1726477574784}], "start": 1726477574458, "stop": 1726477574784}, {"name": "Получить количество заказов, выполненных за сегодня", "status": "passed", "steps": [{"name": "Найти элемент на странице", "status": "passed", "steps": [{"name": "Подождать прогрузки элемента", "status": "passed", "parameters": [{"name": "locator", "value": "('xpath', '//p[text()=\"Выполнено за сегодня:\"]/following-sibling::p')"}], "start": 1726477574784, "stop": 1726477575832}], "parameters": [{"name": "locator", "value": "('xpath', '//p[text()=\"Выполнено за сегодня:\"]/following-sibling::p')"}], "start": 1726477574784, "stop": 1726477575836}, {"name": "Получить текст на элементе", "status": "passed", "steps": [{"name": "Подождать прогрузки элемента", "status": "passed", "parameters": [{"name": "locator", "value": "('xpath', '//p[text()=\"Выполнено за сегодня:\"]/following-sibling::p')"}], "start": 1726477575836, "stop": 1726477575849}], "parameters": [{"name": "locator", "value": "('xpath', '//p[text()=\"Выполнено за сегодня:\"]/following-sibling::p')"}], "start": 1726477575836, "stop": 1726477575870}], "start": 1726477574784, "stop": 1726477575870}, {"name": "Переход на страницу конструктора", "status": "passed", "steps": [{"name": "Подождать прогрузки элемента", "status": "passed", "parameters": [{"name": "locator", "value": "('xpath', '//p[text() = \"Конструктор\"]')"}], "start": 1726477575871, "stop": 1726477575884}, {"name": "Кликнуть на элемент", "status": "passed", "steps": [{"name": "Проверить кликабельность элемента", "status": "passed", "parameters": [{"name": "locator", "value": "('xpath', '//p[text() = \"Конструктор\"]')"}], "start": 1726477575884, "stop": 1726477575899}], "parameters": [{"name": "locator", "value": "('xpath', '//p[text() = \"Конструктор\"]')"}], "start": 1726477575884, "stop": 1726477576167}], "start": 1726477575871, "stop": 1726477576167}, {"name": "Кликнуть по кнопке \"Войти в аккаунт\" на главной", "status": "passed", "steps": [{"name": "Кликнуть на элемент", "status": "passed", "steps": [{"name": "Проверить кликабельность элемента", "status": "passed", "parameters": [{"name": "locator", "value": "('xpath', './/button[text() = \"Войти в аккаунт\"]')"}], "start": 1726477576167, "stop": 1726477576195}], "parameters": [{"name": "locator", "value": "('xpath', './/button[text() = \"Войти в аккаунт\"]')"}], "start": 1726477576167, "stop": 1726477576476}], "start": 1726477576167, "stop": 1726477576477}, {"name": "Добавить интгридиенты", "status": "passed", "steps": [{"name": "Найти элемент на странице", "status": "passed", "steps": [{"name": "Подождать прогрузки элемента", "status": "passed", "parameters": [{"name": "locator", "value": "('xpath', './/*[@alt=\"Флюоресцентная булка R2-D3\"]')"}], "start": 1726477576477, "stop": 1726477577001}], "parameters": [{"name": "locator", "value": "('xpath', './/*[@alt=\"Флюоресцентная булка R2-D3\"]')"}], "start": 1726477576477, "stop": 1726477577005}, {"name": "Найти элемент на странице", "status": "passed", "steps": [{"name": "Подождать прогрузки элемента", "status": "passed", "parameters": [{"name": "locator", "value": "('xpath', '//section[contains(@class, \"BurgerConstructor_basket\")]')"}], "start": 1726477577005, "stop": 1726477577025}], "parameters": [{"name": "locator", "value": "('xpath', '//section[contains(@class, \"BurgerConstructor_basket\")]')"}], "start": 1726477577005, "stop": 1726477577030}, {"name": "Перетащить элемент", "status": "passed", "parameters": [{"name": "source_element", "value": "<selenium.webdriver.remote.webelement.WebElement (session=\"3b546012c2196ecca50d1b02267430e6\", element=\"f.802BA56A41D99D2C3C812FC7A1C8CDAA.d.353E626AB886E446A591A1F8C063DFE6.e.98\")>"}, {"name": "target_element", "value": "<selenium.webdriver.remote.webelement.WebElement (session=\"3b546012c2196ecca50d1b02267430e6\", element=\"f.802BA56A41D99D2C3C812FC7A1C8CDAA.d.353E626AB886E446A591A1F8C063DFE6.e.97\")>"}], "start": 1726477577030, "stop": 1726477582585}], "start": 1726477576477, "stop": 1726477582585}, {"name": "Кликнуть на кнопку создания заказа", "status": "passed", "steps": [{"name": "Кликнуть на элемент", "status": "passed", "steps": [{"name": "Проверить кликабельность элемента", "status": "passed", "parameters": [{"name": "locator", "value": "('class name', 'button_button__33qZ0')"}], "start": 1726477582585, "stop": 1726477582615}], "parameters": [{"name": "locator", "value": "('class name', 'button_button__33qZ0')"}], "start": 1726477582585, "stop": 1726477582888}], "start": 1726477582585, "stop": 1726477582888}, {"name": "Кликнуть на кнопку закрытия окна о создании заказа", "status": "passed", "steps": [{"name": "Проверить кликабельность элемента", "status": "passed", "parameters": [{"name": "locator", "value": "('xpath', '//section[contains(@class, \"Modal_modal_opened\")]//button[contains(@class, \"close\")]')"}], "start": 1726477582888, "stop": 1726477582923}, {"name": "Кликнуть на элемент", "status": "passed", "steps": [{"name": "Проверить кликабельность элемента", "status": "passed", "parameters": [{"name": "locator", "value": "('xpath', '//section[contains(@class, \"Modal_modal_opened\")]//button[contains(@class, \"close\")]')"}], "start": 1726477582923, "stop": 1726477582981}], "parameters": [{"name": "locator", "value": "('xpath', '//section[contains(@class, \"Modal_modal_opened\")]//button[contains(@class, \"close\")]')"}], "start": 1726477582923, "stop": 1726477583454}], "start": 1726477582888, "stop": 1726477583454}, {"name": "Кликнуть по кнопке \"Лента заказов\" в хэдере", "status": "passed", "steps": [{"name": "Подождать прогрузки элемента", "status": "passed", "parameters": [{"name": "locator", "value": "('xpath', '//p[text()=\"Лента Заказов\"]/parent::a/parent::li')"}], "start": 1726477583455, "stop": 1726477583473}, {"name": "Кликнуть на элемент", "status": "passed", "steps": [{"name": "Проверить кликабельность элемента", "status": "passed", "parameters": [{"name": "locator", "value": "('xpath', '//p[text()=\"Лента Заказов\"]/parent::a/parent::li')"}], "start": 1726477583473, "stop": 1726477583496}], "parameters": [{"name": "locator", "value": "('xpath', '//p[text()=\"Лента Заказов\"]/parent::a/parent::li')"}], "start": 1726477583473, "stop": 1726477583763}], "start": 1726477583455, "stop": 1726477583763}, {"name": "Получить количество заказов, выполненных за сегодня", "status": "broken", "statusDetails": {"message": "selenium.common.exceptions.TimeoutException: Message: \nStacktrace:\n0   chromedriver                        0x00000001007b9208 cxxbridge1$str$ptr + 1927396\n1   chromedriver                        0x00000001007b166c cxxbridge1$str$ptr + 1895752\n2   chromedriver                        0x00000001003ac808 cxxbridge1$string$len + 89564\n3   chromedriver                        0x00000001003f0bcc cxxbridge1$string$len + 369056\n4   chromedriver                        0x000000010042a228 cxxbridge1$string$len + 604156\n5   chromedriver                        0x00000001003e5698 cxxbridge1$string$len + 322668\n6   chromedriver                        0x00000001003e6310 cxxbridge1$string$len + 325860\n7   chromedriver                        0x000000010077fe78 cxxbridge1$str$ptr + 1693012\n8   chromedriver                        0x000000010078477c cxxbridge1$str$ptr + 1711704\n9   chromedriver                        0x00000001007653ec cxxbridge1$str$ptr + 1583816\n10  chromedriver                        0x000000010078504c cxxbridge1$str$ptr + 1713960\n11  chromedriver                        0x0000000100755fc8 cxxbridge1$str$ptr + 1521316\n12  chromedriver                        0x00000001007a2b68 cxxbridge1$str$ptr + 1835588\n13  chromedriver                        0x00000001007a2ce4 cxxbridge1$str$ptr + 1835968\n14  chromedriver                        0x00000001007b1308 cxxbridge1$str$ptr + 1894884\n15  libsystem_pthread.dylib             0x00000001861b6f94 _pthread_start + 136\n16  libsystem_pthread.dylib             0x00000001861b1d34 thread_start + 8\n\n", "trace": "  File \"/Library/Frameworks/Python.framework/Versions/3.12/lib/python3.12/site-packages/allure_commons/_allure.py\", line 192, in impl\n    return func(*a, **kw)\n           ^^^^^^^^^^^^^^\n  File \"/Users/kosova.ea/Diplom/Diplom_3/page_objects/feed_page.py\", line 27, in get_daily_quantity_of_orders\n    self.find_element_with_wait(FeedPageLocators.daily_quantity_of_orders)\n  File \"/Library/Frameworks/Python.framework/Versions/3.12/lib/python3.12/site-packages/allure_commons/_allure.py\", line 192, in impl\n    return func(*a, **kw)\n           ^^^^^^^^^^^^^^\n  File \"/Users/kosova.ea/Diplom/Diplom_3/page_objects/base_page.py\", line 17, in find_element_with_wait\n    self.wait_visibility_of_element(locator)\n  File \"/Library/Frameworks/Python.framework/Versions/3.12/lib/python3.12/site-packages/allure_commons/_allure.py\", line 192, in impl\n    return func(*a, **kw)\n           ^^^^^^^^^^^^^^\n  File \"/Users/kosova.ea/Diplom/Diplom_3/page_objects/base_page.py\", line 13, in wait_visibility_of_element\n    WebDriverWait(self.driver, 10).until(expected_conditions.visibility_of_element_located(locator))\n  File \"/Library/Frameworks/Python.framework/Versions/3.12/lib/python3.12/site-packages/selenium/webdriver/support/wait.py\", line 105, in until\n    raise TimeoutException(message, screen, stacktrace)\n"}, "steps": [{"name": "Найти элемент на странице", "status": "broken", "statusDetails": {"message": "selenium.common.exceptions.TimeoutException: Message: \nStacktrace:\n0   chromedriver                        0x00000001007b9208 cxxbridge1$str$ptr + 1927396\n1   chromedriver                        0x00000001007b166c cxxbridge1$str$ptr + 1895752\n2   chromedriver                        0x00000001003ac808 cxxbridge1$string$len + 89564\n3   chromedriver                        0x00000001003f0bcc cxxbridge1$string$len + 369056\n4   chromedriver                        0x000000010042a228 cxxbridge1$string$len + 604156\n5   chromedriver                        0x00000001003e5698 cxxbridge1$string$len + 322668\n6   chromedriver                        0x00000001003e6310 cxxbridge1$string$len + 325860\n7   chromedriver                        0x000000010077fe78 cxxbridge1$str$ptr + 1693012\n8   chromedriver                        0x000000010078477c cxxbridge1$str$ptr + 1711704\n9   chromedriver                        0x00000001007653ec cxxbridge1$str$ptr + 1583816\n10  chromedriver                        0x000000010078504c cxxbridge1$str$ptr + 1713960\n11  chromedriver                        0x0000000100755fc8 cxxbridge1$str$ptr + 1521316\n12  chromedriver                        0x00000001007a2b68 cxxbridge1$str$ptr + 1835588\n13  chromedriver                        0x00000001007a2ce4 cxxbridge1$str$ptr + 1835968\n14  chromedriver                        0x00000001007b1308 cxxbridge1$str$ptr + 1894884\n15  libsystem_pthread.dylib             0x00000001861b6f94 _pthread_start + 136\n16  libsystem_pthread.dylib             0x00000001861b1d34 thread_start + 8\n\n", "trace": "  File \"/Library/Frameworks/Python.framework/Versions/3.12/lib/python3.12/site-packages/allure_commons/_allure.py\", line 192, in impl\n    return func(*a, **kw)\n           ^^^^^^^^^^^^^^\n  File \"/Users/kosova.ea/Diplom/Diplom_3/page_objects/base_page.py\", line 17, in find_element_with_wait\n    self.wait_visibility_of_element(locator)\n  File \"/Library/Frameworks/Python.framework/Versions/3.12/lib/python3.12/site-packages/allure_commons/_allure.py\", line 192, in impl\n    return func(*a, **kw)\n           ^^^^^^^^^^^^^^\n  File \"/Users/kosova.ea/Diplom/Diplom_3/page_objects/base_page.py\", line 13, in wait_visibility_of_element\n    WebDriverWait(self.driver, 10).until(expected_conditions.visibility_of_element_located(locator))\n  File \"/Library/Frameworks/Python.framework/Versions/3.12/lib/python3.12/site-packages/selenium/webdriver/support/wait.py\", line 105, in until\n    raise TimeoutException(message, screen, stacktrace)\n"}, "steps": [{"name": "Подождать прогрузки элемента", "status": "broken", "statusDetails": {"message": "selenium.common.exceptions.TimeoutException: Message: \nStacktrace:\n0   chromedriver                        0x00000001007b9208 cxxbridge1$str$ptr + 1927396\n1   chromedriver                        0x00000001007b166c cxxbridge1$str$ptr + 1895752\n2   chromedriver                        0x00000001003ac808 cxxbridge1$string$len + 89564\n3   chromedriver                        0x00000001003f0bcc cxxbridge1$string$len + 369056\n4   chromedriver                        0x000000010042a228 cxxbridge1$string$len + 604156\n5   chromedriver                        0x00000001003e5698 cxxbridge1$string$len + 322668\n6   chromedriver                        0x00000001003e6310 cxxbridge1$string$len + 325860\n7   chromedriver                        0x000000010077fe78 cxxbridge1$str$ptr + 1693012\n8   chromedriver                        0x000000010078477c cxxbridge1$str$ptr + 1711704\n9   chromedriver                        0x00000001007653ec cxxbridge1$str$ptr + 1583816\n10  chromedriver                        0x000000010078504c cxxbridge1$str$ptr + 1713960\n11  chromedriver                        0x0000000100755fc8 cxxbridge1$str$ptr + 1521316\n12  chromedriver                        0x00000001007a2b68 cxxbridge1$str$ptr + 1835588\n13  chromedriver                        0x00000001007a2ce4 cxxbridge1$str$ptr + 1835968\n14  chromedriver                        0x00000001007b1308 cxxbridge1$str$ptr + 1894884\n15  libsystem_pthread.dylib             0x00000001861b6f94 _pthread_start + 136\n16  libsystem_pthread.dylib             0x00000001861b1d34 thread_start + 8\n\n", "trace": "  File \"/Library/Frameworks/Python.framework/Versions/3.12/lib/python3.12/site-packages/allure_commons/_allure.py\", line 192, in impl\n    return func(*a, **kw)\n           ^^^^^^^^^^^^^^\n  File \"/Users/kosova.ea/Diplom/Diplom_3/page_objects/base_page.py\", line 13, in wait_visibility_of_element\n    WebDriverWait(self.driver, 10).until(expected_conditions.visibility_of_element_located(locator))\n  File \"/Library/Frameworks/Python.framework/Versions/3.12/lib/python3.12/site-packages/selenium/webdriver/support/wait.py\", line 105, in until\n    raise TimeoutException(message, screen, stacktrace)\n"}, "parameters": [{"name": "locator", "value": "('xpath', '//p[text()=\"Выполнено за сегодня:\"]/following-sibling::p')"}], "start": 1726477583763, "stop": 1726477593975}], "parameters": [{"name": "locator", "value": "('xpath', '//p[text()=\"Выполнено за сегодня:\"]/following-sibling::p')"}], "start": 1726477583763, "stop": 1726477593975}], "start": 1726477583763, "stop": 1726477593976}], "parameters": [{"name": "driver", "value": "<class 'selenium.webdriver.chrome.webdriver.WebDriver'>"}], "start": 1726477574458, "stop": 1726477593976, "uuid": "4012d8c2-cb19-4d81-8510-1ead86475ecc", "historyId": "90ab9dc4d38b007529582ffca9308389", "testCaseId": "f0fac5ab08b0877fc06d7abadbcae742", "fullName": "tests.test_feed_page.TestFeedPage#test_changes_counter_for_daily_quantity_of_orders_success", "labels": [{"name": "parentSuite", "value": "tests"}, {"name": "suite", "value": "test_feed_page"}, {"name": "subSuite", "value": "TestFeedPage"}, {"name": "host", "value": "NB-ISC-69172.local"}, {"name": "thread", "value": "46944-MainThread"}, {"name": "framework", "value": "pytest"}, {"name": "language", "value": "cpython3"}, {"name": "package", "value": "tests.test_feed_page"}]}