{"name": "Проверка выполнения логаута по кнопке \"Выйти\"", "status": "broken", "statusDetails": {"message": "selenium.common.exceptions.TimeoutException: Message: \nStacktrace:\n0   chromedriver                        0x0000000104d31208 cxxbridge1$str$ptr + 1927396\n1   chromedriver                        0x0000000104d2966c cxxbridge1$str$ptr + 1895752\n2   chromedriver                        0x0000000104924808 cxxbridge1$string$len + 89564\n3   chromedriver                        0x0000000104968bcc cxxbridge1$string$len + 369056\n4   chromedriver                        0x00000001049a2228 cxxbridge1$string$len + 604156\n5   chromedriver                        0x000000010495d698 cxxbridge1$string$len + 322668\n6   chromedriver                        0x000000010495e310 cxxbridge1$string$len + 325860\n7   chromedriver                        0x0000000104cf7e78 cxxbridge1$str$ptr + 1693012\n8   chromedriver                        0x0000000104cfc77c cxxbridge1$str$ptr + 1711704\n9   chromedriver                        0x0000000104cdd3ec cxxbridge1$str$ptr + 1583816\n10  chromedriver                        0x0000000104cfd04c cxxbridge1$str$ptr + 1713960\n11  chromedriver                        0x0000000104ccdfc8 cxxbridge1$str$ptr + 1521316\n12  chromedriver                        0x0000000104d1ab68 cxxbridge1$str$ptr + 1835588\n13  chromedriver                        0x0000000104d1ace4 cxxbridge1$str$ptr + 1835968\n14  chromedriver                        0x0000000104d29308 cxxbridge1$str$ptr + 1894884\n15  libsystem_pthread.dylib             0x00000001861b6f94 _pthread_start + 136\n16  libsystem_pthread.dylib             0x00000001861b1d34 thread_start + 8", "trace": "self = <test_account_page.TestAccountPage object at 0x107275be0>, driver = <selenium.webdriver.chrome.webdriver.WebDriver (session=\"7e6eb82121368af084437276c8939c10\")>\nset_user_tokens = None\n\n    @allure.title('Проверка выполнения логаута по кнопке \"Выйти\"')\n    def test_logout_from_profile_page_success(self, driver, set_user_tokens):\n        main_page = MainPage(driver)\n        account_page = AccountPage(driver)\n        main_page.click_on_personal_account_in_header()\n>       account_page.wait_visibility_of_description()\n\ntests/test_account_page.py:33: \n_ _ _ _ _ _ _ _ _ _ _ _ _ _ _ _ _ _ _ _ _ _ _ _ _ _ _ _ _ _ _ _ _ _ _ _ _ _ _ _ _ _ _ _ _ _ _ _ _ _ _ _ _ _ _ _ _ _ _ _ _ _ _ _ _ _ _ _ _ _ _ _ _ _ _ _ _ _ _ _ _ _ _ _\npage_objects/account_page.py:17: in wait_visibility_of_description\n    self.wait_visibility_of_element(AccountPageLocators.description_of_section)\npage_objects/base_page.py:13: in wait_visibility_of_element\n    WebDriverWait(self.driver, 10).until(expected_conditions.visibility_of_element_located(locator))\n_ _ _ _ _ _ _ _ _ _ _ _ _ _ _ _ _ _ _ _ _ _ _ _ _ _ _ _ _ _ _ _ _ _ _ _ _ _ _ _ _ _ _ _ _ _ _ _ _ _ _ _ _ _ _ _ _ _ _ _ _ _ _ _ _ _ _ _ _ _ _ _ _ _ _ _ _ _ _ _ _ _ _ _\n\nself = <selenium.webdriver.support.wait.WebDriverWait (session=\"7e6eb82121368af084437276c8939c10\")>\nmethod = <function visibility_of_element_located.<locals>._predicate at 0x1072f6c00>, message = ''\n\n    def until(self, method: Callable[[D], Union[Literal[False], T]], message: str = \"\") -> T:\n        \"\"\"Calls the method provided with the driver as an argument until the \\\n        return value does not evaluate to ``False``.\n    \n        :param method: callable(WebDriver)\n        :param message: optional message for :exc:`TimeoutException`\n        :returns: the result of the last call to `method`\n        :raises: :exc:`selenium.common.exceptions.TimeoutException` if timeout occurs\n        \"\"\"\n        screen = None\n        stacktrace = None\n    \n        end_time = time.monotonic() + self._timeout\n        while True:\n            try:\n                value = method(self._driver)\n                if value:\n                    return value\n            except self._ignored_exceptions as exc:\n                screen = getattr(exc, \"screen\", None)\n                stacktrace = getattr(exc, \"stacktrace\", None)\n            time.sleep(self._poll)\n            if time.monotonic() > end_time:\n                break\n>       raise TimeoutException(message, screen, stacktrace)\nE       selenium.common.exceptions.TimeoutException: Message: \nE       Stacktrace:\nE       0   chromedriver                        0x0000000104d31208 cxxbridge1$str$ptr + 1927396\nE       1   chromedriver                        0x0000000104d2966c cxxbridge1$str$ptr + 1895752\nE       2   chromedriver                        0x0000000104924808 cxxbridge1$string$len + 89564\nE       3   chromedriver                        0x0000000104968bcc cxxbridge1$string$len + 369056\nE       4   chromedriver                        0x00000001049a2228 cxxbridge1$string$len + 604156\nE       5   chromedriver                        0x000000010495d698 cxxbridge1$string$len + 322668\nE       6   chromedriver                        0x000000010495e310 cxxbridge1$string$len + 325860\nE       7   chromedriver                        0x0000000104cf7e78 cxxbridge1$str$ptr + 1693012\nE       8   chromedriver                        0x0000000104cfc77c cxxbridge1$str$ptr + 1711704\nE       9   chromedriver                        0x0000000104cdd3ec cxxbridge1$str$ptr + 1583816\nE       10  chromedriver                        0x0000000104cfd04c cxxbridge1$str$ptr + 1713960\nE       11  chromedriver                        0x0000000104ccdfc8 cxxbridge1$str$ptr + 1521316\nE       12  chromedriver                        0x0000000104d1ab68 cxxbridge1$str$ptr + 1835588\nE       13  chromedriver                        0x0000000104d1ace4 cxxbridge1$str$ptr + 1835968\nE       14  chromedriver                        0x0000000104d29308 cxxbridge1$str$ptr + 1894884\nE       15  libsystem_pthread.dylib             0x00000001861b6f94 _pthread_start + 136\nE       16  libsystem_pthread.dylib             0x00000001861b1d34 thread_start + 8\n\n/Library/Frameworks/Python.framework/Versions/3.12/lib/python3.12/site-packages/selenium/webdriver/support/wait.py:105: TimeoutException"}, "steps": [{"name": "Кликнуть по кнопке перехода в личный кабинет в хэдере", "status": "passed", "steps": [{"name": "Подождать прогрузки элемента", "status": "passed", "parameters": [{"name": "locator", "value": "('xpath', '//p[text()=\"Личный Кабинет\"]/parent::a')"}], "start": 1726427183917, "stop": 1726427183937}, {"name": "Кликнуть на элемент", "status": "passed", "steps": [{"name": "Проверить кликабельность элемента", "status": "passed", "parameters": [{"name": "locator", "value": "('xpath', '//p[text()=\"Личный Кабинет\"]/parent::a')"}], "start": 1726427183937, "stop": 1726427183952}], "parameters": [{"name": "locator", "value": "('xpath', '//p[text()=\"Личный Кабинет\"]/parent::a')"}], "start": 1726427183937, "stop": 1726427184229}], "start": 1726427183917, "stop": 1726427184229}, {"name": "Подождать прогрузки текста описания раздела", "status": "broken", "statusDetails": {"message": "selenium.common.exceptions.TimeoutException: Message: \nStacktrace:\n0   chromedriver                        0x0000000104d31208 cxxbridge1$str$ptr + 1927396\n1   chromedriver                        0x0000000104d2966c cxxbridge1$str$ptr + 1895752\n2   chromedriver                        0x0000000104924808 cxxbridge1$string$len + 89564\n3   chromedriver                        0x0000000104968bcc cxxbridge1$string$len + 369056\n4   chromedriver                        0x00000001049a2228 cxxbridge1$string$len + 604156\n5   chromedriver                        0x000000010495d698 cxxbridge1$string$len + 322668\n6   chromedriver                        0x000000010495e310 cxxbridge1$string$len + 325860\n7   chromedriver                        0x0000000104cf7e78 cxxbridge1$str$ptr + 1693012\n8   chromedriver                        0x0000000104cfc77c cxxbridge1$str$ptr + 1711704\n9   chromedriver                        0x0000000104cdd3ec cxxbridge1$str$ptr + 1583816\n10  chromedriver                        0x0000000104cfd04c cxxbridge1$str$ptr + 1713960\n11  chromedriver                        0x0000000104ccdfc8 cxxbridge1$str$ptr + 1521316\n12  chromedriver                        0x0000000104d1ab68 cxxbridge1$str$ptr + 1835588\n13  chromedriver                        0x0000000104d1ace4 cxxbridge1$str$ptr + 1835968\n14  chromedriver                        0x0000000104d29308 cxxbridge1$str$ptr + 1894884\n15  libsystem_pthread.dylib             0x00000001861b6f94 _pthread_start + 136\n16  libsystem_pthread.dylib             0x00000001861b1d34 thread_start + 8\n\n", "trace": "  File \"/Library/Frameworks/Python.framework/Versions/3.12/lib/python3.12/site-packages/allure_commons/_allure.py\", line 192, in impl\n    return func(*a, **kw)\n           ^^^^^^^^^^^^^^\n  File \"/Users/kosova.ea/Diplom/Diplom_3/page_objects/account_page.py\", line 17, in wait_visibility_of_description\n    self.wait_visibility_of_element(AccountPageLocators.description_of_section)\n  File \"/Library/Frameworks/Python.framework/Versions/3.12/lib/python3.12/site-packages/allure_commons/_allure.py\", line 192, in impl\n    return func(*a, **kw)\n           ^^^^^^^^^^^^^^\n  File \"/Users/kosova.ea/Diplom/Diplom_3/page_objects/base_page.py\", line 13, in wait_visibility_of_element\n    WebDriverWait(self.driver, 10).until(expected_conditions.visibility_of_element_located(locator))\n  File \"/Library/Frameworks/Python.framework/Versions/3.12/lib/python3.12/site-packages/selenium/webdriver/support/wait.py\", line 105, in until\n    raise TimeoutException(message, screen, stacktrace)\n"}, "steps": [{"name": "Подождать прогрузки элемента", "status": "broken", "statusDetails": {"message": "selenium.common.exceptions.TimeoutException: Message: \nStacktrace:\n0   chromedriver                        0x0000000104d31208 cxxbridge1$str$ptr + 1927396\n1   chromedriver                        0x0000000104d2966c cxxbridge1$str$ptr + 1895752\n2   chromedriver                        0x0000000104924808 cxxbridge1$string$len + 89564\n3   chromedriver                        0x0000000104968bcc cxxbridge1$string$len + 369056\n4   chromedriver                        0x00000001049a2228 cxxbridge1$string$len + 604156\n5   chromedriver                        0x000000010495d698 cxxbridge1$string$len + 322668\n6   chromedriver                        0x000000010495e310 cxxbridge1$string$len + 325860\n7   chromedriver                        0x0000000104cf7e78 cxxbridge1$str$ptr + 1693012\n8   chromedriver                        0x0000000104cfc77c cxxbridge1$str$ptr + 1711704\n9   chromedriver                        0x0000000104cdd3ec cxxbridge1$str$ptr + 1583816\n10  chromedriver                        0x0000000104cfd04c cxxbridge1$str$ptr + 1713960\n11  chromedriver                        0x0000000104ccdfc8 cxxbridge1$str$ptr + 1521316\n12  chromedriver                        0x0000000104d1ab68 cxxbridge1$str$ptr + 1835588\n13  chromedriver                        0x0000000104d1ace4 cxxbridge1$str$ptr + 1835968\n14  chromedriver                        0x0000000104d29308 cxxbridge1$str$ptr + 1894884\n15  libsystem_pthread.dylib             0x00000001861b6f94 _pthread_start + 136\n16  libsystem_pthread.dylib             0x00000001861b1d34 thread_start + 8\n\n", "trace": "  File \"/Library/Frameworks/Python.framework/Versions/3.12/lib/python3.12/site-packages/allure_commons/_allure.py\", line 192, in impl\n    return func(*a, **kw)\n           ^^^^^^^^^^^^^^\n  File \"/Users/kosova.ea/Diplom/Diplom_3/page_objects/base_page.py\", line 13, in wait_visibility_of_element\n    WebDriverWait(self.driver, 10).until(expected_conditions.visibility_of_element_located(locator))\n  File \"/Library/Frameworks/Python.framework/Versions/3.12/lib/python3.12/site-packages/selenium/webdriver/support/wait.py\", line 105, in until\n    raise TimeoutException(message, screen, stacktrace)\n"}, "parameters": [{"name": "locator", "value": "('xpath', '//p[contains(@class, \"Account_text\")]')"}], "start": 1726427184229, "stop": 1726427194406}], "start": 1726427184229, "stop": 1726427194407}], "parameters": [{"name": "driver", "value": "<class 'selenium.webdriver.chrome.webdriver.WebDriver'>"}], "start": 1726427183917, "stop": 1726427194407, "uuid": "cb201d97-e04e-4569-b9f6-47ac88ae037d", "historyId": "5023ebe301217e34a6e8c63138730d91", "testCaseId": "78548e15f0871cd51ed9a1b35c612d8c", "fullName": "tests.test_account_page.TestAccountPage#test_logout_from_profile_page_success", "labels": [{"name": "parentSuite", "value": "tests"}, {"name": "suite", "value": "test_account_page"}, {"name": "subSuite", "value": "TestAccountPage"}, {"name": "host", "value": "NB-ISC-69172.local"}, {"name": "thread", "value": "15735-MainThread"}, {"name": "framework", "value": "pytest"}, {"name": "language", "value": "cpython3"}, {"name": "package", "value": "tests.test_account_page"}]}