{"name": "Проверка увеличения числа на счетчике ежедневного количества выполненных заказов", "status": "broken", "statusDetails": {"message": "selenium.common.exceptions.TimeoutException: Message: \nStacktrace:\n0   chromedriver                        0x00000001004c1208 cxxbridge1$str$ptr + 1927396\n1   chromedriver                        0x00000001004b966c cxxbridge1$str$ptr + 1895752\n2   chromedriver                        0x00000001000b4808 cxxbridge1$string$len + 89564\n3   chromedriver                        0x00000001000f8bcc cxxbridge1$string$len + 369056\n4   chromedriver                        0x0000000100132228 cxxbridge1$string$len + 604156\n5   chromedriver                        0x00000001000ed698 cxxbridge1$string$len + 322668\n6   chromedriver                        0x00000001000ee310 cxxbridge1$string$len + 325860\n7   chromedriver                        0x0000000100487e78 cxxbridge1$str$ptr + 1693012\n8   chromedriver                        0x000000010048c77c cxxbridge1$str$ptr + 1711704\n9   chromedriver                        0x000000010046d3ec cxxbridge1$str$ptr + 1583816\n10  chromedriver                        0x000000010048d04c cxxbridge1$str$ptr + 1713960\n11  chromedriver                        0x000000010045dfc8 cxxbridge1$str$ptr + 1521316\n12  chromedriver                        0x00000001004aab68 cxxbridge1$str$ptr + 1835588\n13  chromedriver                        0x00000001004aace4 cxxbridge1$str$ptr + 1835968\n14  chromedriver                        0x00000001004b9308 cxxbridge1$str$ptr + 1894884\n15  libsystem_pthread.dylib             0x00000001861b6f94 _pthread_start + 136\n16  libsystem_pthread.dylib             0x00000001861b1d34 thread_start + 8", "trace": "self = <test_feed_page.TestFeedPage object at 0x1072777d0>, driver = <selenium.webdriver.chrome.webdriver.WebDriver (session=\"c21fab4906cc615a39daabd095ab65c4\")>\nset_user_tokens = None\n\n    @allure.title('Проверка увеличения числа на счетчике ежедневного количества выполненных заказов')\n    def test_changes_counter_for_daily_quantity_of_orders_success(self, driver, set_user_tokens):\n        main_page = MainPage(driver)\n        feed_page = FeedPage(driver)\n        main_page.click_header_feed_button()\n>       orders_count_1 = feed_page.get_daily_quantity_of_orders()\n\ntests/test_feed_page.py:52: \n_ _ _ _ _ _ _ _ _ _ _ _ _ _ _ _ _ _ _ _ _ _ _ _ _ _ _ _ _ _ _ _ _ _ _ _ _ _ _ _ _ _ _ _ _ _ _ _ _ _ _ _ _ _ _ _ _ _ _ _ _ _ _ _ _ _ _ _ _ _ _ _ _ _ _ _ _ _ _ _ _ _ _ _\npage_objects/feed_page.py:27: in get_daily_quantity_of_orders\n    self.find_element_with_wait(FeedPageLocators.daily_quantity_of_orders)\npage_objects/base_page.py:17: in find_element_with_wait\n    self.wait_visibility_of_element(locator)\npage_objects/base_page.py:13: in wait_visibility_of_element\n    WebDriverWait(self.driver, 10).until(expected_conditions.visibility_of_element_located(locator))\n_ _ _ _ _ _ _ _ _ _ _ _ _ _ _ _ _ _ _ _ _ _ _ _ _ _ _ _ _ _ _ _ _ _ _ _ _ _ _ _ _ _ _ _ _ _ _ _ _ _ _ _ _ _ _ _ _ _ _ _ _ _ _ _ _ _ _ _ _ _ _ _ _ _ _ _ _ _ _ _ _ _ _ _\n\nself = <selenium.webdriver.support.wait.WebDriverWait (session=\"c21fab4906cc615a39daabd095ab65c4\")>\nmethod = <function visibility_of_element_located.<locals>._predicate at 0x10771e520>, message = ''\n\n    def until(self, method: Callable[[D], Union[Literal[False], T]], message: str = \"\") -> T:\n        \"\"\"Calls the method provided with the driver as an argument until the \\\n        return value does not evaluate to ``False``.\n    \n        :param method: callable(WebDriver)\n        :param message: optional message for :exc:`TimeoutException`\n        :returns: the result of the last call to `method`\n        :raises: :exc:`selenium.common.exceptions.TimeoutException` if timeout occurs\n        \"\"\"\n        screen = None\n        stacktrace = None\n    \n        end_time = time.monotonic() + self._timeout\n        while True:\n            try:\n                value = method(self._driver)\n                if value:\n                    return value\n            except self._ignored_exceptions as exc:\n                screen = getattr(exc, \"screen\", None)\n                stacktrace = getattr(exc, \"stacktrace\", None)\n            time.sleep(self._poll)\n            if time.monotonic() > end_time:\n                break\n>       raise TimeoutException(message, screen, stacktrace)\nE       selenium.common.exceptions.TimeoutException: Message: \nE       Stacktrace:\nE       0   chromedriver                        0x00000001004c1208 cxxbridge1$str$ptr + 1927396\nE       1   chromedriver                        0x00000001004b966c cxxbridge1$str$ptr + 1895752\nE       2   chromedriver                        0x00000001000b4808 cxxbridge1$string$len + 89564\nE       3   chromedriver                        0x00000001000f8bcc cxxbridge1$string$len + 369056\nE       4   chromedriver                        0x0000000100132228 cxxbridge1$string$len + 604156\nE       5   chromedriver                        0x00000001000ed698 cxxbridge1$string$len + 322668\nE       6   chromedriver                        0x00000001000ee310 cxxbridge1$string$len + 325860\nE       7   chromedriver                        0x0000000100487e78 cxxbridge1$str$ptr + 1693012\nE       8   chromedriver                        0x000000010048c77c cxxbridge1$str$ptr + 1711704\nE       9   chromedriver                        0x000000010046d3ec cxxbridge1$str$ptr + 1583816\nE       10  chromedriver                        0x000000010048d04c cxxbridge1$str$ptr + 1713960\nE       11  chromedriver                        0x000000010045dfc8 cxxbridge1$str$ptr + 1521316\nE       12  chromedriver                        0x00000001004aab68 cxxbridge1$str$ptr + 1835588\nE       13  chromedriver                        0x00000001004aace4 cxxbridge1$str$ptr + 1835968\nE       14  chromedriver                        0x00000001004b9308 cxxbridge1$str$ptr + 1894884\nE       15  libsystem_pthread.dylib             0x00000001861b6f94 _pthread_start + 136\nE       16  libsystem_pthread.dylib             0x00000001861b1d34 thread_start + 8\n\n/Library/Frameworks/Python.framework/Versions/3.12/lib/python3.12/site-packages/selenium/webdriver/support/wait.py:105: TimeoutException"}, "steps": [{"name": "Кликнуть по кнопке \"Лента заказов\" в хэдере", "status": "passed", "steps": [{"name": "Подождать прогрузки элемента", "status": "passed", "parameters": [{"name": "locator", "value": "('xpath', '//p[text()=\"Лента Заказов\"]/parent::a/parent::li')"}], "start": 1726427380352, "stop": 1726427380377}, {"name": "Кликнуть на элемент", "status": "passed", "steps": [{"name": "Проверить кликабельность элемента", "status": "passed", "parameters": [{"name": "locator", "value": "('xpath', '//p[text()=\"Лента Заказов\"]/parent::a/parent::li')"}], "start": 1726427380377, "stop": 1726427380396}], "parameters": [{"name": "locator", "value": "('xpath', '//p[text()=\"Лента Заказов\"]/parent::a/parent::li')"}], "start": 1726427380377, "stop": 1726427380674}], "start": 1726427380352, "stop": 1726427380674}, {"name": "Получить количество заказов, выполненных за сегодня", "status": "broken", "statusDetails": {"message": "selenium.common.exceptions.TimeoutException: Message: \nStacktrace:\n0   chromedriver                        0x00000001004c1208 cxxbridge1$str$ptr + 1927396\n1   chromedriver                        0x00000001004b966c cxxbridge1$str$ptr + 1895752\n2   chromedriver                        0x00000001000b4808 cxxbridge1$string$len + 89564\n3   chromedriver                        0x00000001000f8bcc cxxbridge1$string$len + 369056\n4   chromedriver                        0x0000000100132228 cxxbridge1$string$len + 604156\n5   chromedriver                        0x00000001000ed698 cxxbridge1$string$len + 322668\n6   chromedriver                        0x00000001000ee310 cxxbridge1$string$len + 325860\n7   chromedriver                        0x0000000100487e78 cxxbridge1$str$ptr + 1693012\n8   chromedriver                        0x000000010048c77c cxxbridge1$str$ptr + 1711704\n9   chromedriver                        0x000000010046d3ec cxxbridge1$str$ptr + 1583816\n10  chromedriver                        0x000000010048d04c cxxbridge1$str$ptr + 1713960\n11  chromedriver                        0x000000010045dfc8 cxxbridge1$str$ptr + 1521316\n12  chromedriver                        0x00000001004aab68 cxxbridge1$str$ptr + 1835588\n13  chromedriver                        0x00000001004aace4 cxxbridge1$str$ptr + 1835968\n14  chromedriver                        0x00000001004b9308 cxxbridge1$str$ptr + 1894884\n15  libsystem_pthread.dylib             0x00000001861b6f94 _pthread_start + 136\n16  libsystem_pthread.dylib             0x00000001861b1d34 thread_start + 8\n\n", "trace": "  File \"/Library/Frameworks/Python.framework/Versions/3.12/lib/python3.12/site-packages/allure_commons/_allure.py\", line 192, in impl\n    return func(*a, **kw)\n           ^^^^^^^^^^^^^^\n  File \"/Users/kosova.ea/Diplom/Diplom_3/page_objects/feed_page.py\", line 27, in get_daily_quantity_of_orders\n    self.find_element_with_wait(FeedPageLocators.daily_quantity_of_orders)\n  File \"/Library/Frameworks/Python.framework/Versions/3.12/lib/python3.12/site-packages/allure_commons/_allure.py\", line 192, in impl\n    return func(*a, **kw)\n           ^^^^^^^^^^^^^^\n  File \"/Users/kosova.ea/Diplom/Diplom_3/page_objects/base_page.py\", line 17, in find_element_with_wait\n    self.wait_visibility_of_element(locator)\n  File \"/Library/Frameworks/Python.framework/Versions/3.12/lib/python3.12/site-packages/allure_commons/_allure.py\", line 192, in impl\n    return func(*a, **kw)\n           ^^^^^^^^^^^^^^\n  File \"/Users/kosova.ea/Diplom/Diplom_3/page_objects/base_page.py\", line 13, in wait_visibility_of_element\n    WebDriverWait(self.driver, 10).until(expected_conditions.visibility_of_element_located(locator))\n  File \"/Library/Frameworks/Python.framework/Versions/3.12/lib/python3.12/site-packages/selenium/webdriver/support/wait.py\", line 105, in until\n    raise TimeoutException(message, screen, stacktrace)\n"}, "steps": [{"name": "Найти элемент на странице", "status": "broken", "statusDetails": {"message": "selenium.common.exceptions.TimeoutException: Message: \nStacktrace:\n0   chromedriver                        0x00000001004c1208 cxxbridge1$str$ptr + 1927396\n1   chromedriver                        0x00000001004b966c cxxbridge1$str$ptr + 1895752\n2   chromedriver                        0x00000001000b4808 cxxbridge1$string$len + 89564\n3   chromedriver                        0x00000001000f8bcc cxxbridge1$string$len + 369056\n4   chromedriver                        0x0000000100132228 cxxbridge1$string$len + 604156\n5   chromedriver                        0x00000001000ed698 cxxbridge1$string$len + 322668\n6   chromedriver                        0x00000001000ee310 cxxbridge1$string$len + 325860\n7   chromedriver                        0x0000000100487e78 cxxbridge1$str$ptr + 1693012\n8   chromedriver                        0x000000010048c77c cxxbridge1$str$ptr + 1711704\n9   chromedriver                        0x000000010046d3ec cxxbridge1$str$ptr + 1583816\n10  chromedriver                        0x000000010048d04c cxxbridge1$str$ptr + 1713960\n11  chromedriver                        0x000000010045dfc8 cxxbridge1$str$ptr + 1521316\n12  chromedriver                        0x00000001004aab68 cxxbridge1$str$ptr + 1835588\n13  chromedriver                        0x00000001004aace4 cxxbridge1$str$ptr + 1835968\n14  chromedriver                        0x00000001004b9308 cxxbridge1$str$ptr + 1894884\n15  libsystem_pthread.dylib             0x00000001861b6f94 _pthread_start + 136\n16  libsystem_pthread.dylib             0x00000001861b1d34 thread_start + 8\n\n", "trace": "  File \"/Library/Frameworks/Python.framework/Versions/3.12/lib/python3.12/site-packages/allure_commons/_allure.py\", line 192, in impl\n    return func(*a, **kw)\n           ^^^^^^^^^^^^^^\n  File \"/Users/kosova.ea/Diplom/Diplom_3/page_objects/base_page.py\", line 17, in find_element_with_wait\n    self.wait_visibility_of_element(locator)\n  File \"/Library/Frameworks/Python.framework/Versions/3.12/lib/python3.12/site-packages/allure_commons/_allure.py\", line 192, in impl\n    return func(*a, **kw)\n           ^^^^^^^^^^^^^^\n  File \"/Users/kosova.ea/Diplom/Diplom_3/page_objects/base_page.py\", line 13, in wait_visibility_of_element\n    WebDriverWait(self.driver, 10).until(expected_conditions.visibility_of_element_located(locator))\n  File \"/Library/Frameworks/Python.framework/Versions/3.12/lib/python3.12/site-packages/selenium/webdriver/support/wait.py\", line 105, in until\n    raise TimeoutException(message, screen, stacktrace)\n"}, "steps": [{"name": "Подождать прогрузки элемента", "status": "broken", "statusDetails": {"message": "selenium.common.exceptions.TimeoutException: Message: \nStacktrace:\n0   chromedriver                        0x00000001004c1208 cxxbridge1$str$ptr + 1927396\n1   chromedriver                        0x00000001004b966c cxxbridge1$str$ptr + 1895752\n2   chromedriver                        0x00000001000b4808 cxxbridge1$string$len + 89564\n3   chromedriver                        0x00000001000f8bcc cxxbridge1$string$len + 369056\n4   chromedriver                        0x0000000100132228 cxxbridge1$string$len + 604156\n5   chromedriver                        0x00000001000ed698 cxxbridge1$string$len + 322668\n6   chromedriver                        0x00000001000ee310 cxxbridge1$string$len + 325860\n7   chromedriver                        0x0000000100487e78 cxxbridge1$str$ptr + 1693012\n8   chromedriver                        0x000000010048c77c cxxbridge1$str$ptr + 1711704\n9   chromedriver                        0x000000010046d3ec cxxbridge1$str$ptr + 1583816\n10  chromedriver                        0x000000010048d04c cxxbridge1$str$ptr + 1713960\n11  chromedriver                        0x000000010045dfc8 cxxbridge1$str$ptr + 1521316\n12  chromedriver                        0x00000001004aab68 cxxbridge1$str$ptr + 1835588\n13  chromedriver                        0x00000001004aace4 cxxbridge1$str$ptr + 1835968\n14  chromedriver                        0x00000001004b9308 cxxbridge1$str$ptr + 1894884\n15  libsystem_pthread.dylib             0x00000001861b6f94 _pthread_start + 136\n16  libsystem_pthread.dylib             0x00000001861b1d34 thread_start + 8\n\n", "trace": "  File \"/Library/Frameworks/Python.framework/Versions/3.12/lib/python3.12/site-packages/allure_commons/_allure.py\", line 192, in impl\n    return func(*a, **kw)\n           ^^^^^^^^^^^^^^\n  File \"/Users/kosova.ea/Diplom/Diplom_3/page_objects/base_page.py\", line 13, in wait_visibility_of_element\n    WebDriverWait(self.driver, 10).until(expected_conditions.visibility_of_element_located(locator))\n  File \"/Library/Frameworks/Python.framework/Versions/3.12/lib/python3.12/site-packages/selenium/webdriver/support/wait.py\", line 105, in until\n    raise TimeoutException(message, screen, stacktrace)\n"}, "parameters": [{"name": "locator", "value": "('xpath', '//p[text()=\"Выполнено за сегодня:\"]/following-sibling::p')"}], "start": 1726427380675, "stop": 1726427390833}], "parameters": [{"name": "locator", "value": "('xpath', '//p[text()=\"Выполнено за сегодня:\"]/following-sibling::p')"}], "start": 1726427380675, "stop": 1726427390833}], "start": 1726427380674, "stop": 1726427390834}], "parameters": [{"name": "driver", "value": "<class 'selenium.webdriver.chrome.webdriver.WebDriver'>"}], "start": 1726427380352, "stop": 1726427390834, "uuid": "229d0c50-aa17-4f4b-8a1b-6454e05fdd52", "historyId": "90ab9dc4d38b007529582ffca9308389", "testCaseId": "f0fac5ab08b0877fc06d7abadbcae742", "fullName": "tests.test_feed_page.TestFeedPage#test_changes_counter_for_daily_quantity_of_orders_success", "labels": [{"name": "parentSuite", "value": "tests"}, {"name": "suite", "value": "test_feed_page"}, {"name": "subSuite", "value": "TestFeedPage"}, {"name": "host", "value": "NB-ISC-69172.local"}, {"name": "thread", "value": "15735-MainThread"}, {"name": "framework", "value": "pytest"}, {"name": "language", "value": "cpython3"}, {"name": "package", "value": "tests.test_feed_page"}]}