{"name": "Проверка увеличения числа на счетчике общего количества выполненных заказов", "status": "broken", "statusDetails": {"message": "selenium.common.exceptions.TimeoutException: Message: \nStacktrace:\n0   chromedriver                        0x00000001010b1208 cxxbridge1$str$ptr + 1927396\n1   chromedriver                        0x00000001010a966c cxxbridge1$str$ptr + 1895752\n2   chromedriver                        0x0000000100ca4808 cxxbridge1$string$len + 89564\n3   chromedriver                        0x0000000100ce8bcc cxxbridge1$string$len + 369056\n4   chromedriver                        0x0000000100d22228 cxxbridge1$string$len + 604156\n5   chromedriver                        0x0000000100cdd698 cxxbridge1$string$len + 322668\n6   chromedriver                        0x0000000100cde310 cxxbridge1$string$len + 325860\n7   chromedriver                        0x0000000101077e78 cxxbridge1$str$ptr + 1693012\n8   chromedriver                        0x000000010107c77c cxxbridge1$str$ptr + 1711704\n9   chromedriver                        0x000000010105d3ec cxxbridge1$str$ptr + 1583816\n10  chromedriver                        0x000000010107d04c cxxbridge1$str$ptr + 1713960\n11  chromedriver                        0x000000010104dfc8 cxxbridge1$str$ptr + 1521316\n12  chromedriver                        0x000000010109ab68 cxxbridge1$str$ptr + 1835588\n13  chromedriver                        0x000000010109ace4 cxxbridge1$str$ptr + 1835968\n14  chromedriver                        0x00000001010a9308 cxxbridge1$str$ptr + 1894884\n15  libsystem_pthread.dylib             0x00000001861b6f94 _pthread_start + 136\n16  libsystem_pthread.dylib             0x00000001861b1d34 thread_start + 8", "trace": "self = <test_feed_page.TestFeedPage object at 0x1094b3350>, driver = <selenium.webdriver.chrome.webdriver.WebDriver (session=\"a290d624154627c286c74e44d3f10bfe\")>\nset_user_tokens = None\n\n    @allure.title('Проверка увеличения числа на счетчике общего количества выполненных заказов')\n    def test_changes_counter_for_quantity_of_orders_success(self, driver, set_user_tokens):\n        main_page = MainPage(driver)\n        feed_page = FeedPage(driver)\n        main_page.click_header_feed_button()\n        orders_count_1 = feed_page.get_quantity_of_orders()\n        main_page.click_on_button_constructor()\n        main_page.click_on_button_login_in_main()\n        main_page.drag_and_drop_ingredient_to_order()\n        main_page.click_on_button_make_order()\n        main_page.click_on_button_close_confirmation_modal()\n        main_page.click_header_feed_button()\n>       orders_count_2 = feed_page.get_quantity_of_orders()\n\ntests/test_feed_page.py:44: \n_ _ _ _ _ _ _ _ _ _ _ _ _ _ _ _ _ _ _ _ _ _ _ _ _ _ _ _ _ _ _ _ _ _ _ _ _ _ _ _ _ _ _ _ _ _ _ _ _ _ _ _ _ _ _ _ _ _ _ _ _ _ _ _ _ _ _ _ _ _ _ _ _ _ _ _ _ _ _ _ _ _ _ _\npage_objects/feed_page.py:22: in get_quantity_of_orders\n    self.find_element_with_wait(FeedPageLocators.quantity_of_orders)\npage_objects/base_page.py:17: in find_element_with_wait\n    self.wait_visibility_of_element(locator)\npage_objects/base_page.py:13: in wait_visibility_of_element\n    WebDriverWait(self.driver, 10).until(expected_conditions.visibility_of_element_located(locator))\n_ _ _ _ _ _ _ _ _ _ _ _ _ _ _ _ _ _ _ _ _ _ _ _ _ _ _ _ _ _ _ _ _ _ _ _ _ _ _ _ _ _ _ _ _ _ _ _ _ _ _ _ _ _ _ _ _ _ _ _ _ _ _ _ _ _ _ _ _ _ _ _ _ _ _ _ _ _ _ _ _ _ _ _\n\nself = <selenium.webdriver.support.wait.WebDriverWait (session=\"a290d624154627c286c74e44d3f10bfe\")>\nmethod = <function visibility_of_element_located.<locals>._predicate at 0x109547920>, message = ''\n\n    def until(self, method: Callable[[D], Union[Literal[False], T]], message: str = \"\") -> T:\n        \"\"\"Calls the method provided with the driver as an argument until the \\\n        return value does not evaluate to ``False``.\n    \n        :param method: callable(WebDriver)\n        :param message: optional message for :exc:`TimeoutException`\n        :returns: the result of the last call to `method`\n        :raises: :exc:`selenium.common.exceptions.TimeoutException` if timeout occurs\n        \"\"\"\n        screen = None\n        stacktrace = None\n    \n        end_time = time.monotonic() + self._timeout\n        while True:\n            try:\n                value = method(self._driver)\n                if value:\n                    return value\n            except self._ignored_exceptions as exc:\n                screen = getattr(exc, \"screen\", None)\n                stacktrace = getattr(exc, \"stacktrace\", None)\n            time.sleep(self._poll)\n            if time.monotonic() > end_time:\n                break\n>       raise TimeoutException(message, screen, stacktrace)\nE       selenium.common.exceptions.TimeoutException: Message: \nE       Stacktrace:\nE       0   chromedriver                        0x00000001010b1208 cxxbridge1$str$ptr + 1927396\nE       1   chromedriver                        0x00000001010a966c cxxbridge1$str$ptr + 1895752\nE       2   chromedriver                        0x0000000100ca4808 cxxbridge1$string$len + 89564\nE       3   chromedriver                        0x0000000100ce8bcc cxxbridge1$string$len + 369056\nE       4   chromedriver                        0x0000000100d22228 cxxbridge1$string$len + 604156\nE       5   chromedriver                        0x0000000100cdd698 cxxbridge1$string$len + 322668\nE       6   chromedriver                        0x0000000100cde310 cxxbridge1$string$len + 325860\nE       7   chromedriver                        0x0000000101077e78 cxxbridge1$str$ptr + 1693012\nE       8   chromedriver                        0x000000010107c77c cxxbridge1$str$ptr + 1711704\nE       9   chromedriver                        0x000000010105d3ec cxxbridge1$str$ptr + 1583816\nE       10  chromedriver                        0x000000010107d04c cxxbridge1$str$ptr + 1713960\nE       11  chromedriver                        0x000000010104dfc8 cxxbridge1$str$ptr + 1521316\nE       12  chromedriver                        0x000000010109ab68 cxxbridge1$str$ptr + 1835588\nE       13  chromedriver                        0x000000010109ace4 cxxbridge1$str$ptr + 1835968\nE       14  chromedriver                        0x00000001010a9308 cxxbridge1$str$ptr + 1894884\nE       15  libsystem_pthread.dylib             0x00000001861b6f94 _pthread_start + 136\nE       16  libsystem_pthread.dylib             0x00000001861b1d34 thread_start + 8\n\n/Library/Frameworks/Python.framework/Versions/3.12/lib/python3.12/site-packages/selenium/webdriver/support/wait.py:105: TimeoutException"}, "steps": [{"name": "Кликнуть по кнопке \"Лента заказов\" в хэдере", "status": "passed", "steps": [{"name": "Подождать прогрузки элемента", "status": "passed", "parameters": [{"name": "locator", "value": "('xpath', '//p[text()=\"Лента Заказов\"]/parent::a/parent::li')"}], "start": 1726477535287, "stop": 1726477535357}, {"name": "Кликнуть на элемент", "status": "passed", "steps": [{"name": "Проверить кликабельность элемента", "status": "passed", "parameters": [{"name": "locator", "value": "('xpath', '//p[text()=\"Лента Заказов\"]/parent::a/parent::li')"}], "start": 1726477535358, "stop": 1726477535439}], "parameters": [{"name": "locator", "value": "('xpath', '//p[text()=\"Лента Заказов\"]/parent::a/parent::li')"}], "start": 1726477535358, "stop": 1726477535775}], "start": 1726477535287, "stop": 1726477535776}, {"name": "Получить количество заказов, выполненных за все время", "status": "passed", "steps": [{"name": "Найти элемент на странице", "status": "passed", "steps": [{"name": "Подождать прогрузки элемента", "status": "passed", "parameters": [{"name": "locator", "value": "('xpath', '//p[text()=\"Выполнено за все время:\"]/following-sibling::p')"}], "start": 1726477535776, "stop": 1726477536817}], "parameters": [{"name": "locator", "value": "('xpath', '//p[text()=\"Выполнено за все время:\"]/following-sibling::p')"}], "start": 1726477535776, "stop": 1726477536825}, {"name": "Получить текст на элементе", "status": "passed", "steps": [{"name": "Подождать прогрузки элемента", "status": "passed", "parameters": [{"name": "locator", "value": "('xpath', '//p[text()=\"Выполнено за все время:\"]/following-sibling::p')"}], "start": 1726477536825, "stop": 1726477536834}], "parameters": [{"name": "locator", "value": "('xpath', '//p[text()=\"Выполнено за все время:\"]/following-sibling::p')"}], "start": 1726477536825, "stop": 1726477536848}], "start": 1726477535776, "stop": 1726477536848}, {"name": "Переход на страницу конструктора", "status": "passed", "steps": [{"name": "Подождать прогрузки элемента", "status": "passed", "parameters": [{"name": "locator", "value": "('xpath', '//p[text() = \"Конструктор\"]')"}], "start": 1726477536848, "stop": 1726477536862}, {"name": "Кликнуть на элемент", "status": "passed", "steps": [{"name": "Проверить кликабельность элемента", "status": "passed", "parameters": [{"name": "locator", "value": "('xpath', '//p[text() = \"Конструктор\"]')"}], "start": 1726477536862, "stop": 1726477536878}], "parameters": [{"name": "locator", "value": "('xpath', '//p[text() = \"Конструктор\"]')"}], "start": 1726477536862, "stop": 1726477537149}], "start": 1726477536848, "stop": 1726477537149}, {"name": "Кликнуть по кнопке \"Войти в аккаунт\" на главной", "status": "passed", "steps": [{"name": "Кликнуть на элемент", "status": "passed", "steps": [{"name": "Проверить кликабельность элемента", "status": "passed", "parameters": [{"name": "locator", "value": "('xpath', './/button[text() = \"Войти в аккаунт\"]')"}], "start": 1726477537150, "stop": 1726477537175}], "parameters": [{"name": "locator", "value": "('xpath', './/button[text() = \"Войти в аккаунт\"]')"}], "start": 1726477537150, "stop": 1726477537450}], "start": 1726477537150, "stop": 1726477537450}, {"name": "Добавить интгридиенты", "status": "passed", "steps": [{"name": "Найти элемент на странице", "status": "passed", "steps": [{"name": "Подождать прогрузки элемента", "status": "passed", "parameters": [{"name": "locator", "value": "('xpath', './/*[@alt=\"Флюоресцентная булка R2-D3\"]')"}], "start": 1726477537450, "stop": 1726477537983}], "parameters": [{"name": "locator", "value": "('xpath', './/*[@alt=\"Флюоресцентная булка R2-D3\"]')"}], "start": 1726477537450, "stop": 1726477537991}, {"name": "Найти элемент на странице", "status": "passed", "steps": [{"name": "Подождать прогрузки элемента", "status": "passed", "parameters": [{"name": "locator", "value": "('xpath', '//section[contains(@class, \"BurgerConstructor_basket\")]')"}], "start": 1726477537991, "stop": 1726477538008}], "parameters": [{"name": "locator", "value": "('xpath', '//section[contains(@class, \"BurgerConstructor_basket\")]')"}], "start": 1726477537991, "stop": 1726477538016}, {"name": "Перетащить элемент", "status": "passed", "parameters": [{"name": "source_element", "value": "<selenium.webdriver.remote.webelement.WebElement (session=\"a290d624154627c286c74e44d3f10bfe\", element=\"f.29A9AE56B165B65F61DA27E52EE36206.d.5F1D25D61C16D47128F509FB532C5CDF.e.103\")>"}, {"name": "target_element", "value": "<selenium.webdriver.remote.webelement.WebElement (session=\"a290d624154627c286c74e44d3f10bfe\", element=\"f.29A9AE56B165B65F61DA27E52EE36206.d.5F1D25D61C16D47128F509FB532C5CDF.e.104\")>"}], "start": 1726477538016, "stop": 1726477543560}], "start": 1726477537450, "stop": 1726477543560}, {"name": "Кликнуть на кнопку создания заказа", "status": "passed", "steps": [{"name": "Кликнуть на элемент", "status": "passed", "steps": [{"name": "Проверить кликабельность элемента", "status": "passed", "parameters": [{"name": "locator", "value": "('class name', 'button_button__33qZ0')"}], "start": 1726477543560, "stop": 1726477543579}], "parameters": [{"name": "locator", "value": "('class name', 'button_button__33qZ0')"}], "start": 1726477543560, "stop": 1726477543850}], "start": 1726477543560, "stop": 1726477543850}, {"name": "Кликнуть на кнопку закрытия окна о создании заказа", "status": "passed", "steps": [{"name": "Проверить кликабельность элемента", "status": "passed", "parameters": [{"name": "locator", "value": "('xpath', '//section[contains(@class, \"Modal_modal_opened\")]//button[contains(@class, \"close\")]')"}], "start": 1726477543850, "stop": 1726477543875}, {"name": "Кликнуть на элемент", "status": "passed", "steps": [{"name": "Проверить кликабельность элемента", "status": "passed", "parameters": [{"name": "locator", "value": "('xpath', '//section[contains(@class, \"Modal_modal_opened\")]//button[contains(@class, \"close\")]')"}], "start": 1726477543875, "stop": 1726477543894}], "parameters": [{"name": "locator", "value": "('xpath', '//section[contains(@class, \"Modal_modal_opened\")]//button[contains(@class, \"close\")]')"}], "start": 1726477543875, "stop": 1726477544226}], "start": 1726477543850, "stop": 1726477544226}, {"name": "Кликнуть по кнопке \"Лента заказов\" в хэдере", "status": "passed", "steps": [{"name": "Подождать прогрузки элемента", "status": "passed", "parameters": [{"name": "locator", "value": "('xpath', '//p[text()=\"Лента Заказов\"]/parent::a/parent::li')"}], "start": 1726477544226, "stop": 1726477544242}, {"name": "Кликнуть на элемент", "status": "passed", "steps": [{"name": "Проверить кликабельность элемента", "status": "passed", "parameters": [{"name": "locator", "value": "('xpath', '//p[text()=\"Лента Заказов\"]/parent::a/parent::li')"}], "start": 1726477544242, "stop": 1726477544267}], "parameters": [{"name": "locator", "value": "('xpath', '//p[text()=\"Лента Заказов\"]/parent::a/parent::li')"}], "start": 1726477544242, "stop": 1726477544529}], "start": 1726477544226, "stop": 1726477544529}, {"name": "Получить количество заказов, выполненных за все время", "status": "broken", "statusDetails": {"message": "selenium.common.exceptions.TimeoutException: Message: \nStacktrace:\n0   chromedriver                        0x00000001010b1208 cxxbridge1$str$ptr + 1927396\n1   chromedriver                        0x00000001010a966c cxxbridge1$str$ptr + 1895752\n2   chromedriver                        0x0000000100ca4808 cxxbridge1$string$len + 89564\n3   chromedriver                        0x0000000100ce8bcc cxxbridge1$string$len + 369056\n4   chromedriver                        0x0000000100d22228 cxxbridge1$string$len + 604156\n5   chromedriver                        0x0000000100cdd698 cxxbridge1$string$len + 322668\n6   chromedriver                        0x0000000100cde310 cxxbridge1$string$len + 325860\n7   chromedriver                        0x0000000101077e78 cxxbridge1$str$ptr + 1693012\n8   chromedriver                        0x000000010107c77c cxxbridge1$str$ptr + 1711704\n9   chromedriver                        0x000000010105d3ec cxxbridge1$str$ptr + 1583816\n10  chromedriver                        0x000000010107d04c cxxbridge1$str$ptr + 1713960\n11  chromedriver                        0x000000010104dfc8 cxxbridge1$str$ptr + 1521316\n12  chromedriver                        0x000000010109ab68 cxxbridge1$str$ptr + 1835588\n13  chromedriver                        0x000000010109ace4 cxxbridge1$str$ptr + 1835968\n14  chromedriver                        0x00000001010a9308 cxxbridge1$str$ptr + 1894884\n15  libsystem_pthread.dylib             0x00000001861b6f94 _pthread_start + 136\n16  libsystem_pthread.dylib             0x00000001861b1d34 thread_start + 8\n\n", "trace": "  File \"/Library/Frameworks/Python.framework/Versions/3.12/lib/python3.12/site-packages/allure_commons/_allure.py\", line 192, in impl\n    return func(*a, **kw)\n           ^^^^^^^^^^^^^^\n  File \"/Users/kosova.ea/Diplom/Diplom_3/page_objects/feed_page.py\", line 22, in get_quantity_of_orders\n    self.find_element_with_wait(FeedPageLocators.quantity_of_orders)\n  File \"/Library/Frameworks/Python.framework/Versions/3.12/lib/python3.12/site-packages/allure_commons/_allure.py\", line 192, in impl\n    return func(*a, **kw)\n           ^^^^^^^^^^^^^^\n  File \"/Users/kosova.ea/Diplom/Diplom_3/page_objects/base_page.py\", line 17, in find_element_with_wait\n    self.wait_visibility_of_element(locator)\n  File \"/Library/Frameworks/Python.framework/Versions/3.12/lib/python3.12/site-packages/allure_commons/_allure.py\", line 192, in impl\n    return func(*a, **kw)\n           ^^^^^^^^^^^^^^\n  File \"/Users/kosova.ea/Diplom/Diplom_3/page_objects/base_page.py\", line 13, in wait_visibility_of_element\n    WebDriverWait(self.driver, 10).until(expected_conditions.visibility_of_element_located(locator))\n  File \"/Library/Frameworks/Python.framework/Versions/3.12/lib/python3.12/site-packages/selenium/webdriver/support/wait.py\", line 105, in until\n    raise TimeoutException(message, screen, stacktrace)\n"}, "steps": [{"name": "Найти элемент на странице", "status": "broken", "statusDetails": {"message": "selenium.common.exceptions.TimeoutException: Message: \nStacktrace:\n0   chromedriver                        0x00000001010b1208 cxxbridge1$str$ptr + 1927396\n1   chromedriver                        0x00000001010a966c cxxbridge1$str$ptr + 1895752\n2   chromedriver                        0x0000000100ca4808 cxxbridge1$string$len + 89564\n3   chromedriver                        0x0000000100ce8bcc cxxbridge1$string$len + 369056\n4   chromedriver                        0x0000000100d22228 cxxbridge1$string$len + 604156\n5   chromedriver                        0x0000000100cdd698 cxxbridge1$string$len + 322668\n6   chromedriver                        0x0000000100cde310 cxxbridge1$string$len + 325860\n7   chromedriver                        0x0000000101077e78 cxxbridge1$str$ptr + 1693012\n8   chromedriver                        0x000000010107c77c cxxbridge1$str$ptr + 1711704\n9   chromedriver                        0x000000010105d3ec cxxbridge1$str$ptr + 1583816\n10  chromedriver                        0x000000010107d04c cxxbridge1$str$ptr + 1713960\n11  chromedriver                        0x000000010104dfc8 cxxbridge1$str$ptr + 1521316\n12  chromedriver                        0x000000010109ab68 cxxbridge1$str$ptr + 1835588\n13  chromedriver                        0x000000010109ace4 cxxbridge1$str$ptr + 1835968\n14  chromedriver                        0x00000001010a9308 cxxbridge1$str$ptr + 1894884\n15  libsystem_pthread.dylib             0x00000001861b6f94 _pthread_start + 136\n16  libsystem_pthread.dylib             0x00000001861b1d34 thread_start + 8\n\n", "trace": "  File \"/Library/Frameworks/Python.framework/Versions/3.12/lib/python3.12/site-packages/allure_commons/_allure.py\", line 192, in impl\n    return func(*a, **kw)\n           ^^^^^^^^^^^^^^\n  File \"/Users/kosova.ea/Diplom/Diplom_3/page_objects/base_page.py\", line 17, in find_element_with_wait\n    self.wait_visibility_of_element(locator)\n  File \"/Library/Frameworks/Python.framework/Versions/3.12/lib/python3.12/site-packages/allure_commons/_allure.py\", line 192, in impl\n    return func(*a, **kw)\n           ^^^^^^^^^^^^^^\n  File \"/Users/kosova.ea/Diplom/Diplom_3/page_objects/base_page.py\", line 13, in wait_visibility_of_element\n    WebDriverWait(self.driver, 10).until(expected_conditions.visibility_of_element_located(locator))\n  File \"/Library/Frameworks/Python.framework/Versions/3.12/lib/python3.12/site-packages/selenium/webdriver/support/wait.py\", line 105, in until\n    raise TimeoutException(message, screen, stacktrace)\n"}, "steps": [{"name": "Подождать прогрузки элемента", "status": "broken", "statusDetails": {"message": "selenium.common.exceptions.TimeoutException: Message: \nStacktrace:\n0   chromedriver                        0x00000001010b1208 cxxbridge1$str$ptr + 1927396\n1   chromedriver                        0x00000001010a966c cxxbridge1$str$ptr + 1895752\n2   chromedriver                        0x0000000100ca4808 cxxbridge1$string$len + 89564\n3   chromedriver                        0x0000000100ce8bcc cxxbridge1$string$len + 369056\n4   chromedriver                        0x0000000100d22228 cxxbridge1$string$len + 604156\n5   chromedriver                        0x0000000100cdd698 cxxbridge1$string$len + 322668\n6   chromedriver                        0x0000000100cde310 cxxbridge1$string$len + 325860\n7   chromedriver                        0x0000000101077e78 cxxbridge1$str$ptr + 1693012\n8   chromedriver                        0x000000010107c77c cxxbridge1$str$ptr + 1711704\n9   chromedriver                        0x000000010105d3ec cxxbridge1$str$ptr + 1583816\n10  chromedriver                        0x000000010107d04c cxxbridge1$str$ptr + 1713960\n11  chromedriver                        0x000000010104dfc8 cxxbridge1$str$ptr + 1521316\n12  chromedriver                        0x000000010109ab68 cxxbridge1$str$ptr + 1835588\n13  chromedriver                        0x000000010109ace4 cxxbridge1$str$ptr + 1835968\n14  chromedriver                        0x00000001010a9308 cxxbridge1$str$ptr + 1894884\n15  libsystem_pthread.dylib             0x00000001861b6f94 _pthread_start + 136\n16  libsystem_pthread.dylib             0x00000001861b1d34 thread_start + 8\n\n", "trace": "  File \"/Library/Frameworks/Python.framework/Versions/3.12/lib/python3.12/site-packages/allure_commons/_allure.py\", line 192, in impl\n    return func(*a, **kw)\n           ^^^^^^^^^^^^^^\n  File \"/Users/kosova.ea/Diplom/Diplom_3/page_objects/base_page.py\", line 13, in wait_visibility_of_element\n    WebDriverWait(self.driver, 10).until(expected_conditions.visibility_of_element_located(locator))\n  File \"/Library/Frameworks/Python.framework/Versions/3.12/lib/python3.12/site-packages/selenium/webdriver/support/wait.py\", line 105, in until\n    raise TimeoutException(message, screen, stacktrace)\n"}, "parameters": [{"name": "locator", "value": "('xpath', '//p[text()=\"Выполнено за все время:\"]/following-sibling::p')"}], "start": 1726477544529, "stop": 1726477554734}], "parameters": [{"name": "locator", "value": "('xpath', '//p[text()=\"Выполнено за все время:\"]/following-sibling::p')"}], "start": 1726477544529, "stop": 1726477554735}], "start": 1726477544529, "stop": 1726477554735}], "parameters": [{"name": "driver", "value": "<class 'selenium.webdriver.chrome.webdriver.WebDriver'>"}], "start": 1726477535287, "stop": 1726477554736, "uuid": "35736862-337e-4a4f-923c-7b6f9d66b7d7", "historyId": "994ff68b1d31d3cdf0b4a6d6c3707065", "testCaseId": "f8880538759588c54f7ad47befe12d16", "fullName": "tests.test_feed_page.TestFeedPage#test_changes_counter_for_quantity_of_orders_success", "labels": [{"name": "parentSuite", "value": "tests"}, {"name": "suite", "value": "test_feed_page"}, {"name": "subSuite", "value": "TestFeedPage"}, {"name": "host", "value": "NB-ISC-69172.local"}, {"name": "thread", "value": "46944-MainThread"}, {"name": "framework", "value": "pytest"}, {"name": "language", "value": "cpython3"}, {"name": "package", "value": "tests.test_feed_page"}]}