{"name": "Залогиненный пользователь может оформить заказ", "status": "broken", "statusDetails": {"message": "selenium.common.exceptions.NoSuchElementException: Message: no such element: Unable to locate element: {\"method\":\"xpath\",\"selector\":\"//section[contains(@class, \"Modal_modal_opened\")]/div[contains(@class, \"Modal_modal__container\")]\"}\n  (Session info: chrome=128.0.6613.138); For documentation on this error, please visit: https://www.selenium.dev/documentation/webdriver/troubleshooting/errors#no-such-element-exception\nStacktrace:\n0   chromedriver                        0x0000000100da1208 cxxbridge1$str$ptr + 1927396\n1   chromedriver                        0x0000000100d9966c cxxbridge1$str$ptr + 1895752\n2   chromedriver                        0x0000000100994808 cxxbridge1$string$len + 89564\n3   chromedriver                        0x00000001009d8bcc cxxbridge1$string$len + 369056\n4   chromedriver                        0x0000000100a12228 cxxbridge1$string$len + 604156\n5   chromedriver                        0x00000001009cd698 cxxbridge1$string$len + 322668\n6   chromedriver                        0x00000001009ce310 cxxbridge1$string$len + 325860\n7   chromedriver                        0x0000000100d67e78 cxxbridge1$str$ptr + 1693012\n8   chromedriver                        0x0000000100d6c77c cxxbridge1$str$ptr + 1711704\n9   chromedriver                        0x0000000100d4d3ec cxxbridge1$str$ptr + 1583816\n10  chromedriver                        0x0000000100d6d04c cxxbridge1$str$ptr + 1713960\n11  chromedriver                        0x0000000100d3dfc8 cxxbridge1$str$ptr + 1521316\n12  chromedriver                        0x0000000100d8ab68 cxxbridge1$str$ptr + 1835588\n13  chromedriver                        0x0000000100d8ace4 cxxbridge1$str$ptr + 1835968\n14  chromedriver                        0x0000000100d99308 cxxbridge1$str$ptr + 1894884\n15  libsystem_pthread.dylib             0x00000001861b6f94 _pthread_start + 136\n16  libsystem_pthread.dylib             0x00000001861b1d34 thread_start + 8", "trace": "self = <test_main_page.TestMainPage object at 0x1072b4dd0>, driver = <selenium.webdriver.chrome.webdriver.WebDriver (session=\"52292e5df2b97f467c291a9ce95e7bc4\")>\nset_user_tokens = None\n\n    @allure.title('Залогиненный пользователь может оформить заказ')\n    def test_making_order_by_authenticated_user_success(self, driver, set_user_tokens):\n        main_page = MainPage(driver)\n        main_page.click_on_button_login_in_main()\n        main_page.drag_and_drop_ingredient_to_order()\n        main_page.click_on_button_make_order()\n>       assert main_page.check_displaying_of_confirmation_modal_of_order()\n\ntests/test_main_page.py:47: \n_ _ _ _ _ _ _ _ _ _ _ _ _ _ _ _ _ _ _ _ _ _ _ _ _ _ _ _ _ _ _ _ _ _ _ _ _ _ _ _ _ _ _ _ _ _ _ _ _ _ _ _ _ _ _ _ _ _ _ _ _ _ _ _ _ _ _ _ _ _ _ _ _ _ _ _ _ _ _ _ _ _ _ _\npage_objects/main_page.py:72: in check_displaying_of_confirmation_modal_of_order\n    return self.check_displaying_of_element(MainPageLocators.confirmation_modal_of_order)\npage_objects/base_page.py:41: in check_displaying_of_element\n    return self.driver.find_element(*locator).is_displayed()\n/Library/Frameworks/Python.framework/Versions/3.12/lib/python3.12/site-packages/selenium/webdriver/remote/webdriver.py:741: in find_element\n    return self.execute(Command.FIND_ELEMENT, {\"using\": by, \"value\": value})[\"value\"]\n/Library/Frameworks/Python.framework/Versions/3.12/lib/python3.12/site-packages/selenium/webdriver/remote/webdriver.py:347: in execute\n    self.error_handler.check_response(response)\n_ _ _ _ _ _ _ _ _ _ _ _ _ _ _ _ _ _ _ _ _ _ _ _ _ _ _ _ _ _ _ _ _ _ _ _ _ _ _ _ _ _ _ _ _ _ _ _ _ _ _ _ _ _ _ _ _ _ _ _ _ _ _ _ _ _ _ _ _ _ _ _ _ _ _ _ _ _ _ _ _ _ _ _\n\nself = <selenium.webdriver.remote.errorhandler.ErrorHandler object at 0x107750d40>\nresponse = {'status': 404, 'value': '{\"value\":{\"error\":\"no such element\",\"message\":\"no such element: Unable to locate element: {\\...0001861b6f94 _pthread_start + 136\\\\n16  libsystem_pthread.dylib             0x00000001861b1d34 thread_start + 8\\\\n\"}}'}\n\n    def check_response(self, response: Dict[str, Any]) -> None:\n        \"\"\"Checks that a JSON response from the WebDriver does not have an\n        error.\n    \n        :Args:\n         - response - The JSON response from the WebDriver server as a dictionary\n           object.\n    \n        :Raises: If the response contains an error message.\n        \"\"\"\n        status = response.get(\"status\", None)\n        if not status or status == ErrorCode.SUCCESS:\n            return\n        value = None\n        message = response.get(\"message\", \"\")\n        screen: str = response.get(\"screen\", \"\")\n        stacktrace = None\n        if isinstance(status, int):\n            value_json = response.get(\"value\", None)\n            if value_json and isinstance(value_json, str):\n                import json\n    \n                try:\n                    value = json.loads(value_json)\n                    if len(value) == 1:\n                        value = value[\"value\"]\n                    status = value.get(\"error\", None)\n                    if not status:\n                        status = value.get(\"status\", ErrorCode.UNKNOWN_ERROR)\n                        message = value.get(\"value\") or value.get(\"message\")\n                        if not isinstance(message, str):\n                            value = message\n                            message = message.get(\"message\")\n                    else:\n                        message = value.get(\"message\", None)\n                except ValueError:\n                    pass\n    \n        exception_class: Type[WebDriverException]\n        e = ErrorCode()\n        error_codes = [item for item in dir(e) if not item.startswith(\"__\")]\n        for error_code in error_codes:\n            error_info = getattr(ErrorCode, error_code)\n            if isinstance(error_info, list) and status in error_info:\n                exception_class = getattr(ExceptionMapping, error_code, WebDriverException)\n                break\n        else:\n            exception_class = WebDriverException\n    \n        if not value:\n            value = response[\"value\"]\n        if isinstance(value, str):\n            raise exception_class(value)\n        if message == \"\" and \"message\" in value:\n            message = value[\"message\"]\n    \n        screen = None  # type: ignore[assignment]\n        if \"screen\" in value:\n            screen = value[\"screen\"]\n    \n        stacktrace = None\n        st_value = value.get(\"stackTrace\") or value.get(\"stacktrace\")\n        if st_value:\n            if isinstance(st_value, str):\n                stacktrace = st_value.split(\"\\n\")\n            else:\n                stacktrace = []\n                try:\n                    for frame in st_value:\n                        line = frame.get(\"lineNumber\", \"\")\n                        file = frame.get(\"fileName\", \"<anonymous>\")\n                        if line:\n                            file = f\"{file}:{line}\"\n                        meth = frame.get(\"methodName\", \"<anonymous>\")\n                        if \"className\" in frame:\n                            meth = f\"{frame['className']}.{meth}\"\n                        msg = \"    at %s (%s)\"\n                        msg = msg % (meth, file)\n                        stacktrace.append(msg)\n                except TypeError:\n                    pass\n        if exception_class == UnexpectedAlertPresentException:\n            alert_text = None\n            if \"data\" in value:\n                alert_text = value[\"data\"].get(\"text\")\n            elif \"alert\" in value:\n                alert_text = value[\"alert\"].get(\"text\")\n            raise exception_class(message, screen, stacktrace, alert_text)  # type: ignore[call-arg]  # mypy is not smart enough here\n>       raise exception_class(message, screen, stacktrace)\nE       selenium.common.exceptions.NoSuchElementException: Message: no such element: Unable to locate element: {\"method\":\"xpath\",\"selector\":\"//section[contains(@class, \"Modal_modal_opened\")]/div[contains(@class, \"Modal_modal__container\")]\"}\nE         (Session info: chrome=128.0.6613.138); For documentation on this error, please visit: https://www.selenium.dev/documentation/webdriver/troubleshooting/errors#no-such-element-exception\nE       Stacktrace:\nE       0   chromedriver                        0x0000000100da1208 cxxbridge1$str$ptr + 1927396\nE       1   chromedriver                        0x0000000100d9966c cxxbridge1$str$ptr + 1895752\nE       2   chromedriver                        0x0000000100994808 cxxbridge1$string$len + 89564\nE       3   chromedriver                        0x00000001009d8bcc cxxbridge1$string$len + 369056\nE       4   chromedriver                        0x0000000100a12228 cxxbridge1$string$len + 604156\nE       5   chromedriver                        0x00000001009cd698 cxxbridge1$string$len + 322668\nE       6   chromedriver                        0x00000001009ce310 cxxbridge1$string$len + 325860\nE       7   chromedriver                        0x0000000100d67e78 cxxbridge1$str$ptr + 1693012\nE       8   chromedriver                        0x0000000100d6c77c cxxbridge1$str$ptr + 1711704\nE       9   chromedriver                        0x0000000100d4d3ec cxxbridge1$str$ptr + 1583816\nE       10  chromedriver                        0x0000000100d6d04c cxxbridge1$str$ptr + 1713960\nE       11  chromedriver                        0x0000000100d3dfc8 cxxbridge1$str$ptr + 1521316\nE       12  chromedriver                        0x0000000100d8ab68 cxxbridge1$str$ptr + 1835588\nE       13  chromedriver                        0x0000000100d8ace4 cxxbridge1$str$ptr + 1835968\nE       14  chromedriver                        0x0000000100d99308 cxxbridge1$str$ptr + 1894884\nE       15  libsystem_pthread.dylib             0x00000001861b6f94 _pthread_start + 136\nE       16  libsystem_pthread.dylib             0x00000001861b1d34 thread_start + 8\n\n/Library/Frameworks/Python.framework/Versions/3.12/lib/python3.12/site-packages/selenium/webdriver/remote/errorhandler.py:229: NoSuchElementException"}, "steps": [{"name": "Кликнуть по кнопке \"Войти в аккаунт\" на главной", "status": "passed", "steps": [{"name": "Кликнуть на элемент", "status": "passed", "steps": [{"name": "Проверить кликабельность элемента", "status": "passed", "parameters": [{"name": "locator", "value": "('xpath', './/button[text() = \"Войти в аккаунт\"]')"}], "start": 1726427627938, "stop": 1726427627967}], "parameters": [{"name": "locator", "value": "('xpath', './/button[text() = \"Войти в аккаунт\"]')"}], "start": 1726427627938, "stop": 1726427628233}], "start": 1726427627938, "stop": 1726427628233}, {"name": "Добавить интгридиенты", "status": "passed", "steps": [{"name": "Найти элемент на странице", "status": "passed", "steps": [{"name": "Подождать прогрузки элемента", "status": "passed", "parameters": [{"name": "locator", "value": "('xpath', './/*[@alt=\"Флюоресцентная булка R2-D3\"]')"}], "start": 1726427628234, "stop": 1726427628780}], "parameters": [{"name": "locator", "value": "('xpath', './/*[@alt=\"Флюоресцентная булка R2-D3\"]')"}], "start": 1726427628233, "stop": 1726427628784}, {"name": "Найти элемент на странице", "status": "passed", "steps": [{"name": "Подождать прогрузки элемента", "status": "passed", "parameters": [{"name": "locator", "value": "('xpath', '//section[contains(@class, \"BurgerConstructor_basket\")]')"}], "start": 1726427628784, "stop": 1726427628797}], "parameters": [{"name": "locator", "value": "('xpath', '//section[contains(@class, \"BurgerConstructor_basket\")]')"}], "start": 1726427628784, "stop": 1726427628800}, {"name": "Перетащить элемент", "status": "passed", "parameters": [{"name": "source_element", "value": "<selenium.webdriver.remote.webelement.WebElement (session=\"52292e5df2b97f467c291a9ce95e7bc4\", element=\"f.BCAB8372D10F5C8F1A29EAF06D61BC49.d.02E48AF6896B811A3D5D38B6DCCBA8A3.e.45\")>"}, {"name": "target_element", "value": "<selenium.webdriver.remote.webelement.WebElement (session=\"52292e5df2b97f467c291a9ce95e7bc4\", element=\"f.BCAB8372D10F5C8F1A29EAF06D61BC49.d.02E48AF6896B811A3D5D38B6DCCBA8A3.e.70\")>"}], "start": 1726427628801, "stop": 1726427634339}], "start": 1726427628233, "stop": 1726427634339}, {"name": "Кликнуть на кнопку создания заказа", "status": "passed", "steps": [{"name": "Кликнуть на элемент", "status": "passed", "steps": [{"name": "Проверить кликабельность элемента", "status": "passed", "parameters": [{"name": "locator", "value": "('class name', 'button_button__33qZ0')"}], "start": 1726427634339, "stop": 1726427634363}], "parameters": [{"name": "locator", "value": "('class name', 'button_button__33qZ0')"}], "start": 1726427634339, "stop": 1726427634648}], "start": 1726427634339, "stop": 1726427634648}, {"name": "Проверить отображение окна о создании заказа", "status": "broken", "statusDetails": {"message": "selenium.common.exceptions.NoSuchElementException: Message: no such element: Unable to locate element: {\"method\":\"xpath\",\"selector\":\"//section[contains(@class, \"Modal_modal_opened\")]/div[contains(@class, \"Modal_modal__container\")]\"}\n  (Session info: chrome=128.0.6613.138); For documentation on this error, please visit: https://www.selenium.dev/documentation/webdriver/troubleshooting/errors#no-such-element-exception\nStacktrace:\n0   chromedriver                        0x0000000100da1208 cxxbridge1$str$ptr + 1927396\n1   chromedriver                        0x0000000100d9966c cxxbridge1$str$ptr + 1895752\n2   chromedriver                        0x0000000100994808 cxxbridge1$string$len + 89564\n3   chromedriver                        0x00000001009d8bcc cxxbridge1$string$len + 369056\n4   chromedriver                        0x0000000100a12228 cxxbridge1$string$len + 604156\n5   chromedriver                        0x00000001009cd698 cxxbridge1$string$len + 322668\n6   chromedriver                        0x00000001009ce310 cxxbridge1$string$len + 325860\n7   chromedriver                        0x0000000100d67e78 cxxbridge1$str$ptr + 1693012\n8   chromedriver                        0x0000000100d6c77c cxxbridge1$str$ptr + 1711704\n9   chromedriver                        0x0000000100d4d3ec cxxbridge1$str$ptr + 1583816\n10  chromedriver                        0x0000000100d6d04c cxxbridge1$str$ptr + 1713960\n11  chromedriver                        0x0000000100d3dfc8 cxxbridge1$str$ptr + 1521316\n12  chromedriver                        0x0000000100d8ab68 cxxbridge1$str$ptr + 1835588\n13  chromedriver                        0x0000000100d8ace4 cxxbridge1$str$ptr + 1835968\n14  chromedriver                        0x0000000100d99308 cxxbridge1$str$ptr + 1894884\n15  libsystem_pthread.dylib             0x00000001861b6f94 _pthread_start + 136\n16  libsystem_pthread.dylib             0x00000001861b1d34 thread_start + 8\n\n", "trace": "  File \"/Library/Frameworks/Python.framework/Versions/3.12/lib/python3.12/site-packages/allure_commons/_allure.py\", line 192, in impl\n    return func(*a, **kw)\n           ^^^^^^^^^^^^^^\n  File \"/Users/kosova.ea/Diplom/Diplom_3/page_objects/main_page.py\", line 72, in check_displaying_of_confirmation_modal_of_order\n    return self.check_displaying_of_element(MainPageLocators.confirmation_modal_of_order)\n           ^^^^^^^^^^^^^^^^^^^^^^^^^^^^^^^^^^^^^^^^^^^^^^^^^^^^^^^^^^^^^^^^^^^^^^^^^^^^^^\n  File \"/Library/Frameworks/Python.framework/Versions/3.12/lib/python3.12/site-packages/allure_commons/_allure.py\", line 192, in impl\n    return func(*a, **kw)\n           ^^^^^^^^^^^^^^\n  File \"/Users/kosova.ea/Diplom/Diplom_3/page_objects/base_page.py\", line 41, in check_displaying_of_element\n    return self.driver.find_element(*locator).is_displayed()\n           ^^^^^^^^^^^^^^^^^^^^^^^^^^^^^^^^^^\n  File \"/Library/Frameworks/Python.framework/Versions/3.12/lib/python3.12/site-packages/selenium/webdriver/remote/webdriver.py\", line 741, in find_element\n    return self.execute(Command.FIND_ELEMENT, {\"using\": by, \"value\": value})[\"value\"]\n           ^^^^^^^^^^^^^^^^^^^^^^^^^^^^^^^^^^^^^^^^^^^^^^^^^^^^^^^^^^^^^^^^^\n  File \"/Library/Frameworks/Python.framework/Versions/3.12/lib/python3.12/site-packages/selenium/webdriver/remote/webdriver.py\", line 347, in execute\n    self.error_handler.check_response(response)\n  File \"/Library/Frameworks/Python.framework/Versions/3.12/lib/python3.12/site-packages/selenium/webdriver/remote/errorhandler.py\", line 229, in check_response\n    raise exception_class(message, screen, stacktrace)\n"}, "steps": [{"name": "Проверить отображение элемента", "status": "broken", "statusDetails": {"message": "selenium.common.exceptions.NoSuchElementException: Message: no such element: Unable to locate element: {\"method\":\"xpath\",\"selector\":\"//section[contains(@class, \"Modal_modal_opened\")]/div[contains(@class, \"Modal_modal__container\")]\"}\n  (Session info: chrome=128.0.6613.138); For documentation on this error, please visit: https://www.selenium.dev/documentation/webdriver/troubleshooting/errors#no-such-element-exception\nStacktrace:\n0   chromedriver                        0x0000000100da1208 cxxbridge1$str$ptr + 1927396\n1   chromedriver                        0x0000000100d9966c cxxbridge1$str$ptr + 1895752\n2   chromedriver                        0x0000000100994808 cxxbridge1$string$len + 89564\n3   chromedriver                        0x00000001009d8bcc cxxbridge1$string$len + 369056\n4   chromedriver                        0x0000000100a12228 cxxbridge1$string$len + 604156\n5   chromedriver                        0x00000001009cd698 cxxbridge1$string$len + 322668\n6   chromedriver                        0x00000001009ce310 cxxbridge1$string$len + 325860\n7   chromedriver                        0x0000000100d67e78 cxxbridge1$str$ptr + 1693012\n8   chromedriver                        0x0000000100d6c77c cxxbridge1$str$ptr + 1711704\n9   chromedriver                        0x0000000100d4d3ec cxxbridge1$str$ptr + 1583816\n10  chromedriver                        0x0000000100d6d04c cxxbridge1$str$ptr + 1713960\n11  chromedriver                        0x0000000100d3dfc8 cxxbridge1$str$ptr + 1521316\n12  chromedriver                        0x0000000100d8ab68 cxxbridge1$str$ptr + 1835588\n13  chromedriver                        0x0000000100d8ace4 cxxbridge1$str$ptr + 1835968\n14  chromedriver                        0x0000000100d99308 cxxbridge1$str$ptr + 1894884\n15  libsystem_pthread.dylib             0x00000001861b6f94 _pthread_start + 136\n16  libsystem_pthread.dylib             0x00000001861b1d34 thread_start + 8\n\n", "trace": "  File \"/Library/Frameworks/Python.framework/Versions/3.12/lib/python3.12/site-packages/allure_commons/_allure.py\", line 192, in impl\n    return func(*a, **kw)\n           ^^^^^^^^^^^^^^\n  File \"/Users/kosova.ea/Diplom/Diplom_3/page_objects/base_page.py\", line 41, in check_displaying_of_element\n    return self.driver.find_element(*locator).is_displayed()\n           ^^^^^^^^^^^^^^^^^^^^^^^^^^^^^^^^^^\n  File \"/Library/Frameworks/Python.framework/Versions/3.12/lib/python3.12/site-packages/selenium/webdriver/remote/webdriver.py\", line 741, in find_element\n    return self.execute(Command.FIND_ELEMENT, {\"using\": by, \"value\": value})[\"value\"]\n           ^^^^^^^^^^^^^^^^^^^^^^^^^^^^^^^^^^^^^^^^^^^^^^^^^^^^^^^^^^^^^^^^^\n  File \"/Library/Frameworks/Python.framework/Versions/3.12/lib/python3.12/site-packages/selenium/webdriver/remote/webdriver.py\", line 347, in execute\n    self.error_handler.check_response(response)\n  File \"/Library/Frameworks/Python.framework/Versions/3.12/lib/python3.12/site-packages/selenium/webdriver/remote/errorhandler.py\", line 229, in check_response\n    raise exception_class(message, screen, stacktrace)\n"}, "parameters": [{"name": "locator", "value": "('xpath', '//section[contains(@class, \"Modal_modal_opened\")]/div[contains(@class, \"Modal_modal__container\")]')"}], "start": 1726427634648, "stop": 1726427634666}], "start": 1726427634648, "stop": 1726427634674}], "parameters": [{"name": "driver", "value": "<class 'selenium.webdriver.chrome.webdriver.WebDriver'>"}], "start": 1726427627938, "stop": 1726427634689, "uuid": "a9631720-c9a2-4588-a533-ea6bf7856e55", "historyId": "bcc373e4a1a79d6f3784c4690e2085cb", "testCaseId": "1a6aa94b135b464a3c7527f211bb4bdb", "fullName": "tests.test_main_page.TestMainPage#test_making_order_by_authenticated_user_success", "labels": [{"name": "parentSuite", "value": "tests"}, {"name": "suite", "value": "test_main_page"}, {"name": "subSuite", "value": "TestMainPage"}, {"name": "host", "value": "NB-ISC-69172.local"}, {"name": "thread", "value": "15735-MainThread"}, {"name": "framework", "value": "pytest"}, {"name": "language", "value": "cpython3"}, {"name": "package", "value": "tests.test_main_page"}]}