{"name": "Проверка появления нового заказа в разделе \"В работе\"", "status": "broken", "statusDetails": {"message": "selenium.common.exceptions.TimeoutException: Message: \nStacktrace:\nRemoteError@chrome://remote/content/shared/RemoteError.sys.mjs:8:8\nWebDriverError@chrome://remote/content/shared/webdriver/Errors.sys.mjs:193:5\nNoSuchElementError@chrome://remote/content/shared/webdriver/Errors.sys.mjs:511:5\ndom.find/</<@chrome://remote/content/shared/DOM.sys.mjs:136:16", "trace": "self = <test_feed_page.TestFeedPage object at 0x1094b34d0>, driver = <selenium.webdriver.firefox.webdriver.WebDriver (session=\"430907bf-1bc4-4ab1-b82a-682f23777e48\")>\nset_user_tokens = None\n\n    @allure.title('Проверка появления нового заказа в разделе \"В работе\"')\n    def test_displaying_new_order_in_progress_feed_success(self, driver, set_user_tokens):\n        main_page = MainPage(driver)\n        feed_page = FeedPage(driver)\n        main_page.click_on_button_login_in_main()\n        main_page.drag_and_drop_ingredient_to_order()\n        main_page.click_on_button_make_order()\n>       new_order_id = main_page.get_number_of_order_in_modal_confirmation()\n\ntests/test_feed_page.py:69: \n_ _ _ _ _ _ _ _ _ _ _ _ _ _ _ _ _ _ _ _ _ _ _ _ _ _ _ _ _ _ _ _ _ _ _ _ _ _ _ _ _ _ _ _ _ _ _ _ _ _ _ _ _ _ _ _ _ _ _ _ _ _ _ _ _ _ _ _ _ _ _ _ _ _ _ _ _ _ _ _ _ _ _ _\npage_objects/main_page.py:77: in get_number_of_order_in_modal_confirmation\n    return self.get_text_on_element(MainPageLocators.number_of_order_in_modal_confirmation)\npage_objects/base_page.py:36: in get_text_on_element\n    self.wait_visibility_of_element(locator)\npage_objects/base_page.py:13: in wait_visibility_of_element\n    WebDriverWait(self.driver, 10).until(expected_conditions.visibility_of_element_located(locator))\n_ _ _ _ _ _ _ _ _ _ _ _ _ _ _ _ _ _ _ _ _ _ _ _ _ _ _ _ _ _ _ _ _ _ _ _ _ _ _ _ _ _ _ _ _ _ _ _ _ _ _ _ _ _ _ _ _ _ _ _ _ _ _ _ _ _ _ _ _ _ _ _ _ _ _ _ _ _ _ _ _ _ _ _\n\nself = <selenium.webdriver.support.wait.WebDriverWait (session=\"430907bf-1bc4-4ab1-b82a-682f23777e48\")>\nmethod = <function visibility_of_element_located.<locals>._predicate at 0x1095a4fe0>, message = ''\n\n    def until(self, method: Callable[[D], Union[Literal[False], T]], message: str = \"\") -> T:\n        \"\"\"Calls the method provided with the driver as an argument until the \\\n        return value does not evaluate to ``False``.\n    \n        :param method: callable(WebDriver)\n        :param message: optional message for :exc:`TimeoutException`\n        :returns: the result of the last call to `method`\n        :raises: :exc:`selenium.common.exceptions.TimeoutException` if timeout occurs\n        \"\"\"\n        screen = None\n        stacktrace = None\n    \n        end_time = time.monotonic() + self._timeout\n        while True:\n            try:\n                value = method(self._driver)\n                if value:\n                    return value\n            except self._ignored_exceptions as exc:\n                screen = getattr(exc, \"screen\", None)\n                stacktrace = getattr(exc, \"stacktrace\", None)\n            time.sleep(self._poll)\n            if time.monotonic() > end_time:\n                break\n>       raise TimeoutException(message, screen, stacktrace)\nE       selenium.common.exceptions.TimeoutException: Message: \nE       Stacktrace:\nE       RemoteError@chrome://remote/content/shared/RemoteError.sys.mjs:8:8\nE       WebDriverError@chrome://remote/content/shared/webdriver/Errors.sys.mjs:193:5\nE       NoSuchElementError@chrome://remote/content/shared/webdriver/Errors.sys.mjs:511:5\nE       dom.find/</<@chrome://remote/content/shared/DOM.sys.mjs:136:16\n\n/Library/Frameworks/Python.framework/Versions/3.12/lib/python3.12/site-packages/selenium/webdriver/support/wait.py:105: TimeoutException"}, "steps": [{"name": "Кликнуть по кнопке \"Войти в аккаунт\" на главной", "status": "passed", "steps": [{"name": "Кликнуть на элемент", "status": "passed", "steps": [{"name": "Проверить кликабельность элемента", "status": "passed", "parameters": [{"name": "locator", "value": "('xpath', './/button[text() = \"Войти в аккаунт\"]')"}], "start": 1726477598350, "stop": 1726477598366}], "parameters": [{"name": "locator", "value": "('xpath', './/button[text() = \"Войти в аккаунт\"]')"}], "start": 1726477598350, "stop": 1726477598639}], "start": 1726477598350, "stop": 1726477598639}, {"name": "Добавить интгридиенты", "status": "passed", "steps": [{"name": "Найти элемент на странице", "status": "passed", "steps": [{"name": "Подождать прогрузки элемента", "status": "passed", "parameters": [{"name": "locator", "value": "('xpath', './/*[@alt=\"Флюоресцентная булка R2-D3\"]')"}], "start": 1726477598639, "stop": 1726477598647}], "parameters": [{"name": "locator", "value": "('xpath', './/*[@alt=\"Флюоресцентная булка R2-D3\"]')"}], "start": 1726477598639, "stop": 1726477598648}, {"name": "Найти элемент на странице", "status": "passed", "steps": [{"name": "Подождать прогрузки элемента", "status": "passed", "parameters": [{"name": "locator", "value": "('xpath', '//section[contains(@class, \"BurgerConstructor_basket\")]')"}], "start": 1726477598649, "stop": 1726477598655}], "parameters": [{"name": "locator", "value": "('xpath', '//section[contains(@class, \"BurgerConstructor_basket\")]')"}], "start": 1726477598648, "stop": 1726477598656}, {"name": "Перетащить элемент", "status": "passed", "parameters": [{"name": "source_element", "value": "<selenium.webdriver.remote.webelement.WebElement (session=\"430907bf-1bc4-4ab1-b82a-682f23777e48\", element=\"598be7db-6617-4d05-8db9-071b737551fd\")>"}, {"name": "target_element", "value": "<selenium.webdriver.remote.webelement.WebElement (session=\"430907bf-1bc4-4ab1-b82a-682f23777e48\", element=\"80a4f68a-d1d7-4778-ae66-77b5d26b32dd\")>"}], "start": 1726477598657, "stop": 1726477604203}], "start": 1726477598639, "stop": 1726477604203}, {"name": "Кликнуть на кнопку создания заказа", "status": "passed", "steps": [{"name": "Кликнуть на элемент", "status": "passed", "steps": [{"name": "Проверить кликабельность элемента", "status": "passed", "parameters": [{"name": "locator", "value": "('class name', 'button_button__33qZ0')"}], "start": 1726477604203, "stop": 1726477604214}], "parameters": [{"name": "locator", "value": "('class name', 'button_button__33qZ0')"}], "start": 1726477604203, "stop": 1726477604504}], "start": 1726477604203, "stop": 1726477604504}, {"name": "Получить номер в окне о создании заказа", "status": "broken", "statusDetails": {"message": "selenium.common.exceptions.TimeoutException: Message: \nStacktrace:\nRemoteError@chrome://remote/content/shared/RemoteError.sys.mjs:8:8\nWebDriverError@chrome://remote/content/shared/webdriver/Errors.sys.mjs:193:5\nNoSuchElementError@chrome://remote/content/shared/webdriver/Errors.sys.mjs:511:5\ndom.find/</<@chrome://remote/content/shared/DOM.sys.mjs:136:16\n\n", "trace": "  File \"/Library/Frameworks/Python.framework/Versions/3.12/lib/python3.12/site-packages/allure_commons/_allure.py\", line 192, in impl\n    return func(*a, **kw)\n           ^^^^^^^^^^^^^^\n  File \"/Users/kosova.ea/Diplom/Diplom_3/page_objects/main_page.py\", line 77, in get_number_of_order_in_modal_confirmation\n    return self.get_text_on_element(MainPageLocators.number_of_order_in_modal_confirmation)\n           ^^^^^^^^^^^^^^^^^^^^^^^^^^^^^^^^^^^^^^^^^^^^^^^^^^^^^^^^^^^^^^^^^^^^^^^^^^^^^^^^\n  File \"/Library/Frameworks/Python.framework/Versions/3.12/lib/python3.12/site-packages/allure_commons/_allure.py\", line 192, in impl\n    return func(*a, **kw)\n           ^^^^^^^^^^^^^^\n  File \"/Users/kosova.ea/Diplom/Diplom_3/page_objects/base_page.py\", line 36, in get_text_on_element\n    self.wait_visibility_of_element(locator)\n  File \"/Library/Frameworks/Python.framework/Versions/3.12/lib/python3.12/site-packages/allure_commons/_allure.py\", line 192, in impl\n    return func(*a, **kw)\n           ^^^^^^^^^^^^^^\n  File \"/Users/kosova.ea/Diplom/Diplom_3/page_objects/base_page.py\", line 13, in wait_visibility_of_element\n    WebDriverWait(self.driver, 10).until(expected_conditions.visibility_of_element_located(locator))\n  File \"/Library/Frameworks/Python.framework/Versions/3.12/lib/python3.12/site-packages/selenium/webdriver/support/wait.py\", line 105, in until\n    raise TimeoutException(message, screen, stacktrace)\n"}, "steps": [{"name": "Подождать смену текста на элементе", "status": "passed", "parameters": [{"name": "locator", "value": "('xpath', '//section[contains(@class, \"Modal_modal_opened\")]//h2')"}, {"name": "value", "value": "'9999'"}], "start": 1726477604504, "stop": 1726477604528}, {"name": "Получить текст на элементе", "status": "broken", "statusDetails": {"message": "selenium.common.exceptions.TimeoutException: Message: \nStacktrace:\nRemoteError@chrome://remote/content/shared/RemoteError.sys.mjs:8:8\nWebDriverError@chrome://remote/content/shared/webdriver/Errors.sys.mjs:193:5\nNoSuchElementError@chrome://remote/content/shared/webdriver/Errors.sys.mjs:511:5\ndom.find/</<@chrome://remote/content/shared/DOM.sys.mjs:136:16\n\n", "trace": "  File \"/Library/Frameworks/Python.framework/Versions/3.12/lib/python3.12/site-packages/allure_commons/_allure.py\", line 192, in impl\n    return func(*a, **kw)\n           ^^^^^^^^^^^^^^\n  File \"/Users/kosova.ea/Diplom/Diplom_3/page_objects/base_page.py\", line 36, in get_text_on_element\n    self.wait_visibility_of_element(locator)\n  File \"/Library/Frameworks/Python.framework/Versions/3.12/lib/python3.12/site-packages/allure_commons/_allure.py\", line 192, in impl\n    return func(*a, **kw)\n           ^^^^^^^^^^^^^^\n  File \"/Users/kosova.ea/Diplom/Diplom_3/page_objects/base_page.py\", line 13, in wait_visibility_of_element\n    WebDriverWait(self.driver, 10).until(expected_conditions.visibility_of_element_located(locator))\n  File \"/Library/Frameworks/Python.framework/Versions/3.12/lib/python3.12/site-packages/selenium/webdriver/support/wait.py\", line 105, in until\n    raise TimeoutException(message, screen, stacktrace)\n"}, "steps": [{"name": "Подождать прогрузки элемента", "status": "broken", "statusDetails": {"message": "selenium.common.exceptions.TimeoutException: Message: \nStacktrace:\nRemoteError@chrome://remote/content/shared/RemoteError.sys.mjs:8:8\nWebDriverError@chrome://remote/content/shared/webdriver/Errors.sys.mjs:193:5\nNoSuchElementError@chrome://remote/content/shared/webdriver/Errors.sys.mjs:511:5\ndom.find/</<@chrome://remote/content/shared/DOM.sys.mjs:136:16\n\n", "trace": "  File \"/Library/Frameworks/Python.framework/Versions/3.12/lib/python3.12/site-packages/allure_commons/_allure.py\", line 192, in impl\n    return func(*a, **kw)\n           ^^^^^^^^^^^^^^\n  File \"/Users/kosova.ea/Diplom/Diplom_3/page_objects/base_page.py\", line 13, in wait_visibility_of_element\n    WebDriverWait(self.driver, 10).until(expected_conditions.visibility_of_element_located(locator))\n  File \"/Library/Frameworks/Python.framework/Versions/3.12/lib/python3.12/site-packages/selenium/webdriver/support/wait.py\", line 105, in until\n    raise TimeoutException(message, screen, stacktrace)\n"}, "parameters": [{"name": "locator", "value": "('xpath', '//section[contains(@class, \"Modal_modal_opened\")]//h2')"}], "start": 1726477604528, "stop": 1726477614765}], "parameters": [{"name": "locator", "value": "('xpath', '//section[contains(@class, \"Modal_modal_opened\")]//h2')"}], "start": 1726477604528, "stop": 1726477614766}], "start": 1726477604504, "stop": 1726477614766}], "parameters": [{"name": "driver", "value": "<class 'selenium.webdriver.firefox.webdriver.WebDriver'>"}], "start": 1726477598349, "stop": 1726477614768, "uuid": "82b640a5-b5b2-4343-85ee-b2e67b43320f", "historyId": "4de2fb1c4641bb8e74bdb7fd79d13068", "testCaseId": "3b13507c76d4d01638ec82c9a50e891f", "fullName": "tests.test_feed_page.TestFeedPage#test_displaying_new_order_in_progress_feed_success", "labels": [{"name": "parentSuite", "value": "tests"}, {"name": "suite", "value": "test_feed_page"}, {"name": "subSuite", "value": "TestFeedPage"}, {"name": "host", "value": "NB-ISC-69172.local"}, {"name": "thread", "value": "46944-MainThread"}, {"name": "framework", "value": "pytest"}, {"name": "language", "value": "cpython3"}, {"name": "package", "value": "tests.test_feed_page"}]}