{"name": "Проверка увеличения числа на счетчике общего количества выполненных заказов", "status": "broken", "statusDetails": {"message": "selenium.common.exceptions.TimeoutException: Message: \nStacktrace:\nRemoteError@chrome://remote/content/shared/RemoteError.sys.mjs:8:8\nWebDriverError@chrome://remote/content/shared/webdriver/Errors.sys.mjs:193:5\nNoSuchElementError@chrome://remote/content/shared/webdriver/Errors.sys.mjs:511:5\ndom.find/</<@chrome://remote/content/shared/DOM.sys.mjs:136:16", "trace": "self = <test_feed_page.TestFeedPage object at 0x1072770b0>, driver = <selenium.webdriver.firefox.webdriver.WebDriver (session=\"d286f0a0-8c1d-4075-b503-82eb6a713a68\")>\nset_user_tokens = None\n\n    @allure.title('Проверка увеличения числа на счетчике общего количества выполненных заказов')\n    def test_changes_counter_for_quantity_of_orders_success(self, driver, set_user_tokens):\n        main_page = MainPage(driver)\n        feed_page = FeedPage(driver)\n        main_page.click_header_feed_button()\n>       orders_count_1 = feed_page.get_quantity_of_orders()\n\ntests/test_feed_page.py:37: \n_ _ _ _ _ _ _ _ _ _ _ _ _ _ _ _ _ _ _ _ _ _ _ _ _ _ _ _ _ _ _ _ _ _ _ _ _ _ _ _ _ _ _ _ _ _ _ _ _ _ _ _ _ _ _ _ _ _ _ _ _ _ _ _ _ _ _ _ _ _ _ _ _ _ _ _ _ _ _ _ _ _ _ _\npage_objects/feed_page.py:22: in get_quantity_of_orders\n    self.find_element_with_wait(FeedPageLocators.quantity_of_orders)\npage_objects/base_page.py:17: in find_element_with_wait\n    self.wait_visibility_of_element(locator)\npage_objects/base_page.py:13: in wait_visibility_of_element\n    WebDriverWait(self.driver, 10).until(expected_conditions.visibility_of_element_located(locator))\n_ _ _ _ _ _ _ _ _ _ _ _ _ _ _ _ _ _ _ _ _ _ _ _ _ _ _ _ _ _ _ _ _ _ _ _ _ _ _ _ _ _ _ _ _ _ _ _ _ _ _ _ _ _ _ _ _ _ _ _ _ _ _ _ _ _ _ _ _ _ _ _ _ _ _ _ _ _ _ _ _ _ _ _\n\nself = <selenium.webdriver.support.wait.WebDriverWait (session=\"d286f0a0-8c1d-4075-b503-82eb6a713a68\")>\nmethod = <function visibility_of_element_located.<locals>._predicate at 0x10771cb80>, message = ''\n\n    def until(self, method: Callable[[D], Union[Literal[False], T]], message: str = \"\") -> T:\n        \"\"\"Calls the method provided with the driver as an argument until the \\\n        return value does not evaluate to ``False``.\n    \n        :param method: callable(WebDriver)\n        :param message: optional message for :exc:`TimeoutException`\n        :returns: the result of the last call to `method`\n        :raises: :exc:`selenium.common.exceptions.TimeoutException` if timeout occurs\n        \"\"\"\n        screen = None\n        stacktrace = None\n    \n        end_time = time.monotonic() + self._timeout\n        while True:\n            try:\n                value = method(self._driver)\n                if value:\n                    return value\n            except self._ignored_exceptions as exc:\n                screen = getattr(exc, \"screen\", None)\n                stacktrace = getattr(exc, \"stacktrace\", None)\n            time.sleep(self._poll)\n            if time.monotonic() > end_time:\n                break\n>       raise TimeoutException(message, screen, stacktrace)\nE       selenium.common.exceptions.TimeoutException: Message: \nE       Stacktrace:\nE       RemoteError@chrome://remote/content/shared/RemoteError.sys.mjs:8:8\nE       WebDriverError@chrome://remote/content/shared/webdriver/Errors.sys.mjs:193:5\nE       NoSuchElementError@chrome://remote/content/shared/webdriver/Errors.sys.mjs:511:5\nE       dom.find/</<@chrome://remote/content/shared/DOM.sys.mjs:136:16\n\n/Library/Frameworks/Python.framework/Versions/3.12/lib/python3.12/site-packages/selenium/webdriver/support/wait.py:105: TimeoutException"}, "steps": [{"name": "Кликнуть по кнопке \"Лента заказов\" в хэдере", "status": "passed", "steps": [{"name": "Подождать прогрузки элемента", "status": "passed", "parameters": [{"name": "locator", "value": "('xpath', '//p[text()=\"Лента Заказов\"]/parent::a/parent::li')"}], "start": 1726427296357, "stop": 1726427296368}, {"name": "Кликнуть на элемент", "status": "passed", "steps": [{"name": "Проверить кликабельность элемента", "status": "passed", "parameters": [{"name": "locator", "value": "('xpath', '//p[text()=\"Лента Заказов\"]/parent::a/parent::li')"}], "start": 1726427296368, "stop": 1726427296379}], "parameters": [{"name": "locator", "value": "('xpath', '//p[text()=\"Лента Заказов\"]/parent::a/parent::li')"}], "start": 1726427296368, "stop": 1726427296638}], "start": 1726427296357, "stop": 1726427296638}, {"name": "Получить количество заказов, выполненных за все время", "status": "broken", "statusDetails": {"message": "selenium.common.exceptions.TimeoutException: Message: \nStacktrace:\nRemoteError@chrome://remote/content/shared/RemoteError.sys.mjs:8:8\nWebDriverError@chrome://remote/content/shared/webdriver/Errors.sys.mjs:193:5\nNoSuchElementError@chrome://remote/content/shared/webdriver/Errors.sys.mjs:511:5\ndom.find/</<@chrome://remote/content/shared/DOM.sys.mjs:136:16\n\n", "trace": "  File \"/Library/Frameworks/Python.framework/Versions/3.12/lib/python3.12/site-packages/allure_commons/_allure.py\", line 192, in impl\n    return func(*a, **kw)\n           ^^^^^^^^^^^^^^\n  File \"/Users/kosova.ea/Diplom/Diplom_3/page_objects/feed_page.py\", line 22, in get_quantity_of_orders\n    self.find_element_with_wait(FeedPageLocators.quantity_of_orders)\n  File \"/Library/Frameworks/Python.framework/Versions/3.12/lib/python3.12/site-packages/allure_commons/_allure.py\", line 192, in impl\n    return func(*a, **kw)\n           ^^^^^^^^^^^^^^\n  File \"/Users/kosova.ea/Diplom/Diplom_3/page_objects/base_page.py\", line 17, in find_element_with_wait\n    self.wait_visibility_of_element(locator)\n  File \"/Library/Frameworks/Python.framework/Versions/3.12/lib/python3.12/site-packages/allure_commons/_allure.py\", line 192, in impl\n    return func(*a, **kw)\n           ^^^^^^^^^^^^^^\n  File \"/Users/kosova.ea/Diplom/Diplom_3/page_objects/base_page.py\", line 13, in wait_visibility_of_element\n    WebDriverWait(self.driver, 10).until(expected_conditions.visibility_of_element_located(locator))\n  File \"/Library/Frameworks/Python.framework/Versions/3.12/lib/python3.12/site-packages/selenium/webdriver/support/wait.py\", line 105, in until\n    raise TimeoutException(message, screen, stacktrace)\n"}, "steps": [{"name": "Найти элемент на странице", "status": "broken", "statusDetails": {"message": "selenium.common.exceptions.TimeoutException: Message: \nStacktrace:\nRemoteError@chrome://remote/content/shared/RemoteError.sys.mjs:8:8\nWebDriverError@chrome://remote/content/shared/webdriver/Errors.sys.mjs:193:5\nNoSuchElementError@chrome://remote/content/shared/webdriver/Errors.sys.mjs:511:5\ndom.find/</<@chrome://remote/content/shared/DOM.sys.mjs:136:16\n\n", "trace": "  File \"/Library/Frameworks/Python.framework/Versions/3.12/lib/python3.12/site-packages/allure_commons/_allure.py\", line 192, in impl\n    return func(*a, **kw)\n           ^^^^^^^^^^^^^^\n  File \"/Users/kosova.ea/Diplom/Diplom_3/page_objects/base_page.py\", line 17, in find_element_with_wait\n    self.wait_visibility_of_element(locator)\n  File \"/Library/Frameworks/Python.framework/Versions/3.12/lib/python3.12/site-packages/allure_commons/_allure.py\", line 192, in impl\n    return func(*a, **kw)\n           ^^^^^^^^^^^^^^\n  File \"/Users/kosova.ea/Diplom/Diplom_3/page_objects/base_page.py\", line 13, in wait_visibility_of_element\n    WebDriverWait(self.driver, 10).until(expected_conditions.visibility_of_element_located(locator))\n  File \"/Library/Frameworks/Python.framework/Versions/3.12/lib/python3.12/site-packages/selenium/webdriver/support/wait.py\", line 105, in until\n    raise TimeoutException(message, screen, stacktrace)\n"}, "steps": [{"name": "Подождать прогрузки элемента", "status": "broken", "statusDetails": {"message": "selenium.common.exceptions.TimeoutException: Message: \nStacktrace:\nRemoteError@chrome://remote/content/shared/RemoteError.sys.mjs:8:8\nWebDriverError@chrome://remote/content/shared/webdriver/Errors.sys.mjs:193:5\nNoSuchElementError@chrome://remote/content/shared/webdriver/Errors.sys.mjs:511:5\ndom.find/</<@chrome://remote/content/shared/DOM.sys.mjs:136:16\n\n", "trace": "  File \"/Library/Frameworks/Python.framework/Versions/3.12/lib/python3.12/site-packages/allure_commons/_allure.py\", line 192, in impl\n    return func(*a, **kw)\n           ^^^^^^^^^^^^^^\n  File \"/Users/kosova.ea/Diplom/Diplom_3/page_objects/base_page.py\", line 13, in wait_visibility_of_element\n    WebDriverWait(self.driver, 10).until(expected_conditions.visibility_of_element_located(locator))\n  File \"/Library/Frameworks/Python.framework/Versions/3.12/lib/python3.12/site-packages/selenium/webdriver/support/wait.py\", line 105, in until\n    raise TimeoutException(message, screen, stacktrace)\n"}, "parameters": [{"name": "locator", "value": "('xpath', '//p[text()=\"Выполнено за все время:\"]/following-sibling::p')"}], "start": 1726427296638, "stop": 1726427306794}], "parameters": [{"name": "locator", "value": "('xpath', '//p[text()=\"Выполнено за все время:\"]/following-sibling::p')"}], "start": 1726427296638, "stop": 1726427306795}], "start": 1726427296638, "stop": 1726427306796}], "parameters": [{"name": "driver", "value": "<class 'selenium.webdriver.firefox.webdriver.WebDriver'>"}], "start": 1726427296357, "stop": 1726427306799, "uuid": "af43e7fe-1121-4ea8-ac6c-844751bbc4bb", "historyId": "0ba12310488b364ebe8ea4d506cf75c9", "testCaseId": "f8880538759588c54f7ad47befe12d16", "fullName": "tests.test_feed_page.TestFeedPage#test_changes_counter_for_quantity_of_orders_success", "labels": [{"name": "parentSuite", "value": "tests"}, {"name": "suite", "value": "test_feed_page"}, {"name": "subSuite", "value": "TestFeedPage"}, {"name": "host", "value": "NB-ISC-69172.local"}, {"name": "thread", "value": "15735-MainThread"}, {"name": "framework", "value": "pytest"}, {"name": "language", "value": "cpython3"}, {"name": "package", "value": "tests.test_feed_page"}]}